New log file opened at Sun Jun 05 12:58:40 JST 2016 by 87184@kenjimorita-MacBook-Pro.local
Sending msg to client activator-ea6e5b83-3352-419f-aca9-aaf9164fb418: DetachedLogEvent(LogMessage(debug,sbt server socket logs are in: /Users/No51/hello-scala/.sbtserver/connections/master.log))
Sending msg to client activator-ea6e5b83-3352-419f-aca9-aaf9164fb418: DetachedLogEvent(LogMessage(debug,sbt client logs are in: /Users/No51/hello-scala/.sbtserver/connections/activator-ea6e5b83-3352-419f-aca9-aaf9164fb418.log))
Sending msg to client activator-ea6e5b83-3352-419f-aca9-aaf9164fb418: DetachedLogEvent(LogMessage(debug,sbt general server logs are in: /Users/No51/hello-scala/.sbtserver/master.log))
Reading next message from client.
Got request: ListenToEvents()
Reading next message from client.
Got request: ListenToBuildChange()
Reading next message from client.
Got request: SendSyntheticBuildChanged()
Reading next message from client.
Got request: KeyLookupRequest(discoveredMainClasses)
Reading next message from client.
Got request: KeyLookupRequest(mainClass)
Reading next message from client.
Sending msg to client activator-ea6e5b83-3352-419f-aca9-aaf9164fb418: (3,ReceivedResponse())
Sending msg to client activator-ea6e5b83-3352-419f-aca9-aaf9164fb418: (4,ReceivedResponse())
Sending msg to client activator-ea6e5b83-3352-419f-aca9-aaf9164fb418: BuildStructureChanged(MinimalBuildStructure(Vector(file:/Users/No51/hello-scala/),Vector(BuildData(file:/Users/No51/hello-scala/,Vector(/Users/No51/hello-scala/project/target/scala-2.10/sbt-0.13/classes, /Users/No51/.ivy2/cache/scala_2.10/sbt_0.13/org.scala-sbt/sbt-core-next/jars/sbt-core-next-0.1.1.jar, /Users/No51/.ivy2/cache/org.scala-sbt/core-next_2.10/jars/core-next_2.10-0.1.1.jar, /Users/No51/.sbt/boot/scala-2.10.4/lib/scala-library.jar, /Users/No51/.ivy2/cache/org.scala-sbt/serialization_2.10/jars/serialization_2.10-0.1.0.jar, /Users/No51/.ivy2/cache/org.scala-lang.modules/scala-pickling_2.10/jars/scala-pickling_2.10-0.10.0.jar, /Users/No51/.sbt/boot/scala-2.10.4/lib/scala-compiler.jar, /Users/No51/.sbt/boot/scala-2.10.4/lib/scala-reflect.jar, /Users/No51/.ivy2/cache/org.scalamacros/quasiquotes_2.10/jars/quasiquotes_2.10-2.0.1.jar, /Users/No51/.ivy2/cache/org.json4s/json4s-core_2.10/jars/json4s-core_2.10-3.2.10.jar, /Users/No51/.ivy2/cache/org.json4s/json4s-ast_2.10/jars/json4s-ast_2.10-3.2.10.jar, /Users/No51/.ivy2/cache/com.thoughtworks.paranamer/paranamer/jars/paranamer-2.6.jar, /Users/No51/.ivy2/cache/org.spire-math/jawn-parser_2.10/jars/jawn-parser_2.10-0.6.0.jar, /Users/No51/.ivy2/cache/org.spire-math/json4s-support_2.10/jars/json4s-support_2.10-0.6.0.jar, /Users/No51/.sbt/boot/scala-2.10.4/com.typesafe.sbtrc/server-0-13/0.3.5/actions-0.13.8.jar, /Users/No51/.sbt/boot/scala-2.10.4/com.typesafe.sbtrc/server-0-13/0.3.5/api-0.13.8.jar, /Users/No51/.sbt/boot/scala-2.10.4/com.typesafe.sbtrc/server-0-13/0.3.5/apply-macro-0.13.8.jar, /Users/No51/.sbt/boot/scala-2.10.4/com.typesafe.sbtrc/server-0-13/0.3.5/cache-0.13.8.jar, /Users/No51/.sbt/boot/scala-2.10.4/com.typesafe.sbtrc/server-0-13/0.3.5/classfile-0.13.8.jar, /Users/No51/.sbt/boot/scala-2.10.4/com.typesafe.sbtrc/server-0-13/0.3.5/classpath-0.13.8.jar, /Users/No51/.sbt/boot/scala-2.10.4/com.typesafe.sbtrc/server-0-13/0.3.5/collections-0.13.8.jar, /Users/No51/.sbt/boot/scala-2.10.4/com.typesafe.sbtrc/server-0-13/0.3.5/command-0.13.8.jar, /Users/No51/.sbt/boot/scala-2.10.4/com.typesafe.sbtrc/server-0-13/0.3.5/compile-0.13.8.jar, /Users/No51/.sbt/boot/scala-2.10.4/com.typesafe.sbtrc/server-0-13/0.3.5/compiler-integration-0.13.8.jar, /Users/No51/.sbt/boot/scala-2.10.4/com.typesafe.sbtrc/server-0-13/0.3.5/compiler-ivy-integration-0.13.8.jar, /Users/No51/.sbt/boot/scala-2.10.4/com.typesafe.sbtrc/server-0-13/0.3.5/completion-0.13.8.jar, /Users/No51/.sbt/boot/scala-2.10.4/com.typesafe.sbtrc/server-0-13/0.3.5/control-0.13.8.jar, /Users/No51/.sbt/boot/scala-2.10.4/com.typesafe.sbtrc/server-0-13/0.3.5/core-next_2.10-0.1.1.jar, /Users/No51/.sbt/boot/scala-2.10.4/com.typesafe.sbtrc/server-0-13/0.3.5/cross-0.13.8.jar, /Users/No51/.sbt/boot/scala-2.10.4/com.typesafe.sbtrc/server-0-13/0.3.5/incremental-compiler-0.13.8.jar, /Users/No51/.sbt/boot/scala-2.10.4/com.typesafe.sbtrc/server-0-13/0.3.5/io-0.13.8.jar, /Users/No51/.sbt/boot/scala-2.10.4/com.typesafe.sbtrc/server-0-13/0.3.5/ivy-0.13.8.jar, /Users/No51/.sbt/boot/scala-2.10.4/com.typesafe.sbtrc/server-0-13/0.3.5/ivy-2.3.0-sbt-fccfbd44c9f64523b61398a0155784dcbaeae28f.jar, /Users/No51/.sbt/boot/scala-2.10.4/com.typesafe.sbtrc/server-0-13/0.3.5/jawn-parser_2.10-0.6.0.jar, /Users/No51/.sbt/boot/scala-2.10.4/com.typesafe.sbtrc/server-0-13/0.3.5/jline-2.11.jar, /Users/No51/.sbt/boot/scala-2.10.4/com.typesafe.sbtrc/server-0-13/0.3.5/jsch-0.1.46.jar, /Users/No51/.sbt/boot/scala-2.10.4/com.typesafe.sbtrc/server-0-13/0.3.5/json4s-ast_2.10-3.2.10.jar, /Users/No51/.sbt/boot/scala-2.10.4/com.typesafe.sbtrc/server-0-13/0.3.5/json4s-core_2.10-3.2.10.jar, /Users/No51/.sbt/boot/scala-2.10.4/com.typesafe.sbtrc/server-0-13/0.3.5/json4s-support_2.10-0.6.0.jar, /Users/No51/.sbt/boot/scala-2.10.4/com.typesafe.sbtrc/server-0-13/0.3.5/launcher-interface-0.13.8.jar, /Users/No51/.sbt/boot/scala-2.10.4/com.typesafe.sbtrc/server-0-13/0.3.5/logging-0.13.8.jar, /Users/No51/.sbt/boot/scala-2.10.4/com.typesafe.sbtrc/server-0-13/0.3.5/logic-0.13.8.jar, /Users/No51/.sbt/boot/scala-2.10.4/com.typesafe.sbtrc/server-0-13/0.3.5/main-0.13.8.jar, /Users/No51/.sbt/boot/scala-2.10.4/com.typesafe.sbtrc/server-0-13/0.3.5/main-settings-0.13.8.jar, /Users/No51/.sbt/boot/scala-2.10.4/com.typesafe.sbtrc/server-0-13/0.3.5/paranamer-2.6.jar, /Users/No51/.sbt/boot/scala-2.10.4/com.typesafe.sbtrc/server-0-13/0.3.5/persist-0.13.8.jar, /Users/No51/.sbt/boot/scala-2.10.4/com.typesafe.sbtrc/server-0-13/0.3.5/process-0.13.8.jar, /Users/No51/.sbt/boot/scala-2.10.4/com.typesafe.sbtrc/server-0-13/0.3.5/quasiquotes_2.10-2.0.1.jar, /Users/No51/.sbt/boot/scala-2.10.4/com.typesafe.sbtrc/server-0-13/0.3.5/relation-0.13.8.jar, /Users/No51/.sbt/boot/scala-2.10.4/com.typesafe.sbtrc/server-0-13/0.3.5/run-0.13.8.jar, /Users/No51/.sbt/boot/scala-2.10.4/com.typesafe.sbtrc/server-0-13/0.3.5/sbinary_2.10-0.4.2.jar, /Users/No51/.sbt/boot/scala-2.10.4/com.typesafe.sbtrc/server-0-13/0.3.5/sbt-0.13.8.jar, /Users/No51/.sbt/boot/scala-2.10.4/com.typesafe.sbtrc/server-0-13/0.3.5/scala-pickling_2.10-0.10.0.jar, /Users/No51/.sbt/boot/scala-2.10.4/com.typesafe.sbtrc/server-0-13/0.3.5/scala-reflect-2.10.4.jar, /Users/No51/.sbt/boot/scala-2.10.4/com.typesafe.sbtrc/server-0-13/0.3.5/serialization_2.10-0.1.1.jar, /Users/No51/.sbt/boot/scala-2.10.4/com.typesafe.sbtrc/server-0-13/0.3.5/server-0-13-0.3.5.jar, /Users/No51/.sbt/boot/scala-2.10.4/com.typesafe.sbtrc/server-0-13/0.3.5/task-system-0.13.8.jar, /Users/No51/.sbt/boot/scala-2.10.4/com.typesafe.sbtrc/server-0-13/0.3.5/tasks-0.13.8.jar, /Users/No51/.sbt/boot/scala-2.10.4/com.typesafe.sbtrc/server-0-13/0.3.5/test-agent-0.13.8.jar, /Users/No51/.sbt/boot/scala-2.10.4/com.typesafe.sbtrc/server-0-13/0.3.5/test-interface-1.0.jar, /Users/No51/.sbt/boot/scala-2.10.4/com.typesafe.sbtrc/server-0-13/0.3.5/testing-0.13.8.jar, /Users/No51/.sbt/boot/scala-2.10.4/com.typesafe.sbtrc/server-0-13/0.3.5/tracking-0.13.8.jar, /Users/No51/.sbt/boot/scala-2.10.4/com.typesafe.sbtrc/server-0-13/0.3.5/xsbti/interface-0.13.8.jar, /Users/No51/.sbt/boot/scala-2.10.4/lib/jansi.jar, /Users/No51/.sbt/boot/scala-2.10.4/lib/jline.jar),Vector(import sbt._, Keys._, dsl._, import _root_.sbt.plugins.IvyPlugin, _root_.sbt.plugins.JvmPlugin, _root_.sbt.plugins.CorePlugin, _root_.sbt.plugins.JUnitXmlReportPlugin, _root_.sbt.plugins.BackgroundRunPlugin, _root_.sbt.plugins.InteractionServicePlugin, _root_.sbt.plugins.SendEventServicePlugin, _root_.sbt.plugins.SerializersPlugin))),Vector(MinimalProjectStructure(ProjectReference(file:/Users/No51/hello-scala/,hello-scala),Vector(sbt.plugins.CorePlugin, sbt.plugins.SerializersPlugin, sbt.plugins.SendEventServicePlugin, sbt.plugins.InteractionServicePlugin, sbt.plugins.IvyPlugin, sbt.plugins.JvmPlugin, sbt.plugins.BackgroundRunPlugin, sbt.plugins.JUnitXmlReportPlugin),Some(ProjectDependencies(List(),List()))))))
Sending msg to client activator-ea6e5b83-3352-419f-aca9-aaf9164fb418: (6,KeyLookupResponse(discoveredMainClasses,Vector(AttributeKey[scala.collection.Seq[java.lang.String]]("discoveredMainClasses") in Scope(Build: file:/Users/No51/hello-scala/, , Project: ProjectReference(file:/Users/No51/hello-scala/,hello-scala), Config: compile))))
Sending msg to client activator-ea6e5b83-3352-419f-aca9-aaf9164fb418: (7,KeyLookupResponse(mainClass,Vector(AttributeKey[scala.Option[java.lang.String]]("mainClass") in Scope(Build: file:/Users/No51/hello-scala/, , Project: ProjectReference(file:/Users/No51/hello-scala/,hello-scala), Config: compile))))
Got request: KeyLookupRequest(discoveredMainClasses)
Reading next message from client.
Got request: KeyLookupRequest(mainClass)
Reading next message from client.
Got request: ListenToValue(AttributeKey[scala.Option[java.lang.String]]("mainClass") in Scope(Build: file:/Users/No51/hello-scala/, , Project: ProjectReference(file:/Users/No51/hello-scala/,hello-scala), Config: compile))
Reading next message from client.
Got request: SendSyntheticValueChanged(AttributeKey[scala.Option[java.lang.String]]("mainClass") in Scope(Build: file:/Users/No51/hello-scala/, , Project: ProjectReference(file:/Users/No51/hello-scala/,hello-scala), Config: compile))
Reading next message from client.
Sending msg to client activator-ea6e5b83-3352-419f-aca9-aaf9164fb418: (8,KeyLookupResponse(discoveredMainClasses,Vector(AttributeKey[scala.collection.Seq[java.lang.String]]("discoveredMainClasses") in Scope(Build: file:/Users/No51/hello-scala/, , Project: ProjectReference(file:/Users/No51/hello-scala/,hello-scala), Config: compile))))
Sending msg to client activator-ea6e5b83-3352-419f-aca9-aaf9164fb418: (9,KeyLookupResponse(mainClass,Vector(AttributeKey[scala.Option[java.lang.String]]("mainClass") in Scope(Build: file:/Users/No51/hello-scala/, , Project: ProjectReference(file:/Users/No51/hello-scala/,hello-scala), Config: compile))))
Sending msg to client activator-ea6e5b83-3352-419f-aca9-aaf9164fb418: (10,ReceivedResponse())
Sending msg to client activator-ea6e5b83-3352-419f-aca9-aaf9164fb418: ExecutionWaiting(7,{file:/Users/No51/hello-scala/}hello-scala/compile:mainClass,ClientInfo(ea6e5b83-3352-419f-aca9-aaf9164fb418,activator,Activator,3,Vector()))
Sending msg to client activator-ea6e5b83-3352-419f-aca9-aaf9164fb418: (11,ReceivedResponse())
Sending msg to client activator-ea6e5b83-3352-419f-aca9-aaf9164fb418: ExecutionStarting(7)
Sending msg to client activator-ea6e5b83-3352-419f-aca9-aaf9164fb418: DetachedLogEvent(LogMessage(debug,> {file:/Users/No51/hello-scala/}hello-scala/compile:mainClass))
Got request: ListenToValue(AttributeKey[scala.collection.Seq[java.lang.String]]("discoveredMainClasses") in Scope(Build: file:/Users/No51/hello-scala/, , Project: ProjectReference(file:/Users/No51/hello-scala/,hello-scala), Config: compile))
Reading next message from client.
Got request: SendSyntheticValueChanged(AttributeKey[scala.collection.Seq[java.lang.String]]("discoveredMainClasses") in Scope(Build: file:/Users/No51/hello-scala/, , Project: ProjectReference(file:/Users/No51/hello-scala/,hello-scala), Config: compile))
Reading next message from client.
Sending msg to client activator-ea6e5b83-3352-419f-aca9-aaf9164fb418: (12,ReceivedResponse())
Sending msg to client activator-ea6e5b83-3352-419f-aca9-aaf9164fb418: ExecutionWaiting(8,{file:/Users/No51/hello-scala/}hello-scala/compile:discoveredMainClasses,ClientInfo(ea6e5b83-3352-419f-aca9-aaf9164fb418,activator,Activator,3,Vector()))
Sending msg to client activator-ea6e5b83-3352-419f-aca9-aaf9164fb418: (13,ReceivedResponse())
Sending msg to client activator-ea6e5b83-3352-419f-aca9-aaf9164fb418: DetachedLogEvent(LogMessage(debug,Evaluating tasks: compile:mainClass))
Sending msg to client activator-ea6e5b83-3352-419f-aca9-aaf9164fb418: DetachedLogEvent(LogMessage(debug,Running task... Cancel: sbt.server.ServerTaskCancellation@278bcc4, check cycles: false))
Sending msg to client activator-ea6e5b83-3352-419f-aca9-aaf9164fb418: DetachedLogEvent(LogMessage(debug,cancel strategy start enabled=true lastCommand=Some(LastCommand(CommandExecutionWork(ExecutionId(7),{file:/Users/No51/hello-scala/}hello-scala/compile:mainClass,Set(LiveClient(activator ea6e5b83-3352-419f-aca9-aaf9164fb418)),sbt.server.WorkCancellationStatus$$anon$1@56ef9f9b)))))
Sending msg to client activator-ea6e5b83-3352-419f-aca9-aaf9164fb418: TaskStarted(7,656,Some(AttributeKey[sbt.SendEventService]("sendEventService") in Scope(Global)))
Sending msg to client activator-ea6e5b83-3352-419f-aca9-aaf9164fb418: TaskStarted(7,658,None)
Sending msg to client activator-ea6e5b83-3352-419f-aca9-aaf9164fb418: TaskStarted(7,660,Some(AttributeKey[scala.collection.Seq[scala.Function1[xsbti.Position,scala.Option[xsbti.Position]]]]("sourcePositionMappers") in Scope(Global)))
Sending msg to client activator-ea6e5b83-3352-419f-aca9-aaf9164fb418: TaskStarted(7,662,Some(AttributeKey[scala.collection.Seq[java.lang.String]]("scalacOptions") in Scope(Global)))
Sending msg to client activator-ea6e5b83-3352-419f-aca9-aaf9164fb418: TaskStarted(7,666,None)
Sending msg to client activator-ea6e5b83-3352-419f-aca9-aaf9164fb418: TaskStarted(7,670,None)
Sending msg to client activator-ea6e5b83-3352-419f-aca9-aaf9164fb418: TaskStarted(7,671,None)
Sending msg to client activator-ea6e5b83-3352-419f-aca9-aaf9164fb418: TaskStarted(7,672,None)
Sending msg to client activator-ea6e5b83-3352-419f-aca9-aaf9164fb418: TaskStarted(7,673,Some(AttributeKey[boolean]("skip") in Scope(Global)))
Sending msg to client activator-ea6e5b83-3352-419f-aca9-aaf9164fb418: TaskStarted(7,681,Some(AttributeKey[scala.collection.Seq[sbt.Credentials]]("credentials") in Scope(Global)))
Sending msg to client activator-ea6e5b83-3352-419f-aca9-aaf9164fb418: TaskStarted(7,684,Some(AttributeKey[scala.collection.Seq[sbt.Resolver]]("externalResolvers") in Scope(Build: file:/Users/No51/hello-scala/, , Project: ProjectReference(file:/Users/No51/hello-scala/,hello-scala))))
Sending msg to client activator-ea6e5b83-3352-419f-aca9-aaf9164fb418: TaskStarted(7,685,Some(AttributeKey[scala.Option[scala.collection.Seq[sbt.Resolver]]]("bootResolvers") in Scope(Build: file:/Users/No51/hello-scala/, , Project: ProjectReference(file:/Users/No51/hello-scala/,hello-scala))))
Sending msg to client activator-ea6e5b83-3352-419f-aca9-aaf9164fb418: TaskStarted(7,694,Some(AttributeKey[java.lang.String]("updateCacheName") in Scope(Build: file:/Users/No51/hello-scala/, , Project: ProjectReference(file:/Users/No51/hello-scala/,hello-scala))))
Sending msg to client activator-ea6e5b83-3352-419f-aca9-aaf9164fb418: TaskStarted(7,696,None)
Sending msg to client activator-ea6e5b83-3352-419f-aca9-aaf9164fb418: TaskStarted(7,701,None)
Sending msg to client activator-ea6e5b83-3352-419f-aca9-aaf9164fb418: TaskStarted(7,702,Some(AttributeKey[scala.collection.Seq[java.lang.String]]("javacOptions") in Scope(Global)))
Sending msg to client activator-ea6e5b83-3352-419f-aca9-aaf9164fb418: TaskStarted(7,705,Some(AttributeKey[scala.collection.Seq[java.io.File]]("unmanagedSources") in Scope(Build: file:/Users/No51/hello-scala/, , Project: ProjectReference(file:/Users/No51/hello-scala/,hello-scala), Config: compile)))
Sending msg to client activator-ea6e5b83-3352-419f-aca9-aaf9164fb418: TaskStarted(7,707,None)
Sending msg to client activator-ea6e5b83-3352-419f-aca9-aaf9164fb418: TaskStarted(7,714,None)
Sending msg to client activator-ea6e5b83-3352-419f-aca9-aaf9164fb418: TaskStarted(7,726,Some(AttributeKey[java.lang.String]("compileAnalysisFilename") in Scope(Build: file:/Users/No51/hello-scala/, , Project: ProjectReference(file:/Users/No51/hello-scala/,hello-scala), Config: compile)))
Sending msg to client activator-ea6e5b83-3352-419f-aca9-aaf9164fb418: TaskStarted(7,727,Some(AttributeKey[scala.Function1[java.io.File,scala.Function1[java.lang.String,boolean]]]("definesClass") in Scope(Global)))
Sending msg to client activator-ea6e5b83-3352-419f-aca9-aaf9164fb418: TaskStarted(7,731,Some(AttributeKey[sbt.inc.IncOptions]("incOptions") in Scope(Global)))
Sending msg to client activator-ea6e5b83-3352-419f-aca9-aaf9164fb418: TaskFinished(7,656,Some(AttributeKey[sbt.SendEventService]("sendEventService") in Scope(Global)),true,None)
Sending msg to client activator-ea6e5b83-3352-419f-aca9-aaf9164fb418: TaskFinished(7,658,None,true,None)
Sending msg to client activator-ea6e5b83-3352-419f-aca9-aaf9164fb418: TaskStarted(7,657,None)
Sending msg to client activator-ea6e5b83-3352-419f-aca9-aaf9164fb418: TaskStarted(7,675,None)
Sending msg to client activator-ea6e5b83-3352-419f-aca9-aaf9164fb418: TaskStarted(7,688,None)
Sending msg to client activator-ea6e5b83-3352-419f-aca9-aaf9164fb418: TaskStarted(7,689,None)
Sending msg to client activator-ea6e5b83-3352-419f-aca9-aaf9164fb418: TaskStarted(7,690,None)
Sending msg to client activator-ea6e5b83-3352-419f-aca9-aaf9164fb418: TaskStarted(7,693,None)
Sending msg to client activator-ea6e5b83-3352-419f-aca9-aaf9164fb418: TaskStarted(7,697,None)
Sending msg to client activator-ea6e5b83-3352-419f-aca9-aaf9164fb418: TaskStarted(7,699,None)
Sending msg to client activator-ea6e5b83-3352-419f-aca9-aaf9164fb418: TaskStarted(7,711,None)
Sending msg to client activator-ea6e5b83-3352-419f-aca9-aaf9164fb418: TaskStarted(7,716,None)
Sending msg to client activator-ea6e5b83-3352-419f-aca9-aaf9164fb418: TaskStarted(7,720,None)
Sending msg to client activator-ea6e5b83-3352-419f-aca9-aaf9164fb418: TaskStarted(7,723,None)
Sending msg to client activator-ea6e5b83-3352-419f-aca9-aaf9164fb418: TaskStarted(7,724,None)
Sending msg to client activator-ea6e5b83-3352-419f-aca9-aaf9164fb418: TaskStarted(7,728,None)
Sending msg to client activator-ea6e5b83-3352-419f-aca9-aaf9164fb418: TaskStarted(7,733,None)
Sending msg to client activator-ea6e5b83-3352-419f-aca9-aaf9164fb418: TaskStarted(7,734,None)
Sending msg to client activator-ea6e5b83-3352-419f-aca9-aaf9164fb418: TaskFinished(7,660,Some(AttributeKey[scala.collection.Seq[scala.Function1[xsbti.Position,scala.Option[xsbti.Position]]]]("sourcePositionMappers") in Scope(Global)),true,None)
Sending msg to client activator-ea6e5b83-3352-419f-aca9-aaf9164fb418: TaskFinished(7,662,Some(AttributeKey[scala.collection.Seq[java.lang.String]]("scalacOptions") in Scope(Global)),true,None)
Sending msg to client activator-ea6e5b83-3352-419f-aca9-aaf9164fb418: TaskFinished(7,666,None,true,None)
Sending msg to client activator-ea6e5b83-3352-419f-aca9-aaf9164fb418: TaskStarted(7,665,Some(AttributeKey[sbt.BuildStructure]("buildStructure") in Scope(Global)))
Sending msg to client activator-ea6e5b83-3352-419f-aca9-aaf9164fb418: TaskStarted(7,674,Some(AttributeKey[java.io.File]("dependencyCacheDirectory") in Scope(Build: file:/Users/No51/hello-scala/, , Project: ProjectReference(file:/Users/No51/hello-scala/,hello-scala))))
Sending msg to client activator-ea6e5b83-3352-419f-aca9-aaf9164fb418: TaskStarted(7,729,Some(AttributeKey[xsbti.compile.GlobalsCache]("compilerCache") in Scope(Global)))
Sending msg to client activator-ea6e5b83-3352-419f-aca9-aaf9164fb418: TaskFinished(7,670,None,true,None)
Sending msg to client activator-ea6e5b83-3352-419f-aca9-aaf9164fb418: TaskFinished(7,671,None,true,None)
Sending msg to client activator-ea6e5b83-3352-419f-aca9-aaf9164fb418: TaskStarted(7,669,Some(AttributeKey[scala.collection.Seq[sbt.UpdateReport]]("transitiveUpdate") in Scope(Build: file:/Users/No51/hello-scala/, , Project: ProjectReference(file:/Users/No51/hello-scala/,hello-scala))))
Sending msg to client activator-ea6e5b83-3352-419f-aca9-aaf9164fb418: TaskFinished(7,672,None,true,None)
Sending msg to client activator-ea6e5b83-3352-419f-aca9-aaf9164fb418: TaskFinished(7,673,Some(AttributeKey[boolean]("skip") in Scope(Global)),true,None)
Sending msg to client activator-ea6e5b83-3352-419f-aca9-aaf9164fb418: TaskFinished(7,681,Some(AttributeKey[scala.collection.Seq[sbt.Credentials]]("credentials") in Scope(Global)),true,None)
Sending msg to client activator-ea6e5b83-3352-419f-aca9-aaf9164fb418: TaskFinished(7,684,Some(AttributeKey[scala.collection.Seq[sbt.Resolver]]("externalResolvers") in Scope(Build: file:/Users/No51/hello-scala/, , Project: ProjectReference(file:/Users/No51/hello-scala/,hello-scala))),true,None)
Sending msg to client activator-ea6e5b83-3352-419f-aca9-aaf9164fb418: TaskFinished(7,685,Some(AttributeKey[scala.Option[scala.collection.Seq[sbt.Resolver]]]("bootResolvers") in Scope(Build: file:/Users/No51/hello-scala/, , Project: ProjectReference(file:/Users/No51/hello-scala/,hello-scala))),true,None)
Sending msg to client activator-ea6e5b83-3352-419f-aca9-aaf9164fb418: TaskFinished(7,694,Some(AttributeKey[java.lang.String]("updateCacheName") in Scope(Build: file:/Users/No51/hello-scala/, , Project: ProjectReference(file:/Users/No51/hello-scala/,hello-scala))),true,None)
Sending msg to client activator-ea6e5b83-3352-419f-aca9-aaf9164fb418: TaskFinished(7,696,None,true,None)
Sending msg to client activator-ea6e5b83-3352-419f-aca9-aaf9164fb418: TaskFinished(7,701,None,true,None)
Sending msg to client activator-ea6e5b83-3352-419f-aca9-aaf9164fb418: TaskFinished(7,702,Some(AttributeKey[scala.collection.Seq[java.lang.String]]("javacOptions") in Scope(Global)),true,None)
Sending msg to client activator-ea6e5b83-3352-419f-aca9-aaf9164fb418: TaskFinished(7,705,Some(AttributeKey[scala.collection.Seq[java.io.File]]("unmanagedSources") in Scope(Build: file:/Users/No51/hello-scala/, , Project: ProjectReference(file:/Users/No51/hello-scala/,hello-scala), Config: compile)),true,None)
Sending msg to client activator-ea6e5b83-3352-419f-aca9-aaf9164fb418: TaskStarted(7,704,Some(AttributeKey[scala.collection.Seq[java.io.File]]("unmanagedSources") in Scope(Build: file:/Users/No51/hello-scala/, , Project: ProjectReference(file:/Users/No51/hello-scala/,hello-scala), Config: compile)))
Sending msg to client activator-ea6e5b83-3352-419f-aca9-aaf9164fb418: TaskFinished(7,707,None,true,None)
Sending msg to client activator-ea6e5b83-3352-419f-aca9-aaf9164fb418: TaskStarted(7,706,Some(AttributeKey[scala.collection.Seq[java.io.File]]("managedSources") in Scope(Build: file:/Users/No51/hello-scala/, , Project: ProjectReference(file:/Users/No51/hello-scala/,hello-scala), Config: compile)))
Sending msg to client activator-ea6e5b83-3352-419f-aca9-aaf9164fb418: TaskFinished(7,714,None,true,None)
Sending msg to client activator-ea6e5b83-3352-419f-aca9-aaf9164fb418: TaskFinished(7,726,Some(AttributeKey[java.lang.String]("compileAnalysisFilename") in Scope(Build: file:/Users/No51/hello-scala/, , Project: ProjectReference(file:/Users/No51/hello-scala/,hello-scala), Config: compile)),true,None)
Sending msg to client activator-ea6e5b83-3352-419f-aca9-aaf9164fb418: TaskFinished(7,727,Some(AttributeKey[scala.Function1[java.io.File,scala.Function1[java.lang.String,boolean]]]("definesClass") in Scope(Global)),true,None)
Sending msg to client activator-ea6e5b83-3352-419f-aca9-aaf9164fb418: TaskFinished(7,731,Some(AttributeKey[sbt.inc.IncOptions]("incOptions") in Scope(Global)),true,None)
Sending msg to client activator-ea6e5b83-3352-419f-aca9-aaf9164fb418: TaskStarted(7,730,Some(AttributeKey[sbt.inc.IncOptions]("incOptions") in Scope(Build: file:/Users/No51/hello-scala/, , Project: ProjectReference(file:/Users/No51/hello-scala/,hello-scala))))
Sending msg to client activator-ea6e5b83-3352-419f-aca9-aaf9164fb418: TaskFinished(7,657,None,true,None)
Sending msg to client activator-ea6e5b83-3352-419f-aca9-aaf9164fb418: TaskFinished(7,675,None,true,None)
Sending msg to client activator-ea6e5b83-3352-419f-aca9-aaf9164fb418: TaskFinished(7,688,None,true,None)
Sending msg to client activator-ea6e5b83-3352-419f-aca9-aaf9164fb418: TaskFinished(7,689,None,true,None)
Sending msg to client activator-ea6e5b83-3352-419f-aca9-aaf9164fb418: TaskFinished(7,690,None,true,None)
Sending msg to client activator-ea6e5b83-3352-419f-aca9-aaf9164fb418: TaskFinished(7,693,None,true,None)
Sending msg to client activator-ea6e5b83-3352-419f-aca9-aaf9164fb418: TaskStarted(7,692,Some(AttributeKey[scala.collection.immutable.Map[sbt.ModuleID,sbt.SourcePosition]]("dependencyPositions") in Scope(Build: file:/Users/No51/hello-scala/, , Project: ProjectReference(file:/Users/No51/hello-scala/,hello-scala))))
Sending msg to client activator-ea6e5b83-3352-419f-aca9-aaf9164fb418: TaskFinished(7,697,None,true,None)
Sending msg to client activator-ea6e5b83-3352-419f-aca9-aaf9164fb418: TaskFinished(7,699,None,true,None)
Sending msg to client activator-ea6e5b83-3352-419f-aca9-aaf9164fb418: TaskFinished(7,711,None,true,None)
Sending msg to client activator-ea6e5b83-3352-419f-aca9-aaf9164fb418: TaskFinished(7,716,None,true,None)
Sending msg to client activator-ea6e5b83-3352-419f-aca9-aaf9164fb418: TaskFinished(7,720,None,true,None)
Sending msg to client activator-ea6e5b83-3352-419f-aca9-aaf9164fb418: TaskFinished(7,723,None,true,None)
Sending msg to client activator-ea6e5b83-3352-419f-aca9-aaf9164fb418: TaskFinished(7,724,None,true,None)
Sending msg to client activator-ea6e5b83-3352-419f-aca9-aaf9164fb418: TaskFinished(7,728,None,true,None)
Sending msg to client activator-ea6e5b83-3352-419f-aca9-aaf9164fb418: TaskFinished(7,733,None,true,None)
Sending msg to client activator-ea6e5b83-3352-419f-aca9-aaf9164fb418: TaskFinished(7,734,None,true,None)
Sending msg to client activator-ea6e5b83-3352-419f-aca9-aaf9164fb418: TaskFinished(7,665,Some(AttributeKey[sbt.BuildStructure]("buildStructure") in Scope(Global)),true,None)
Sending msg to client activator-ea6e5b83-3352-419f-aca9-aaf9164fb418: TaskStarted(7,664,Some(AttributeKey[sbt.Settings[sbt.Scope]]("settingsData") in Scope(Global)))
Sending msg to client activator-ea6e5b83-3352-419f-aca9-aaf9164fb418: TaskFinished(7,674,Some(AttributeKey[java.io.File]("dependencyCacheDirectory") in Scope(Build: file:/Users/No51/hello-scala/, , Project: ProjectReference(file:/Users/No51/hello-scala/,hello-scala))),true,None)
Sending msg to client activator-ea6e5b83-3352-419f-aca9-aaf9164fb418: TaskFinished(7,729,Some(AttributeKey[xsbti.compile.GlobalsCache]("compilerCache") in Scope(Global)),true,None)
Sending msg to client activator-ea6e5b83-3352-419f-aca9-aaf9164fb418: TaskFinished(7,669,Some(AttributeKey[scala.collection.Seq[sbt.UpdateReport]]("transitiveUpdate") in Scope(Build: file:/Users/No51/hello-scala/, , Project: ProjectReference(file:/Users/No51/hello-scala/,hello-scala))),true,None)
Sending msg to client activator-ea6e5b83-3352-419f-aca9-aaf9164fb418: TaskFinished(7,704,Some(AttributeKey[scala.collection.Seq[java.io.File]]("unmanagedSources") in Scope(Build: file:/Users/No51/hello-scala/, , Project: ProjectReference(file:/Users/No51/hello-scala/,hello-scala), Config: compile)),true,None)
Sending msg to client activator-ea6e5b83-3352-419f-aca9-aaf9164fb418: TaskFinished(7,706,Some(AttributeKey[scala.collection.Seq[java.io.File]]("managedSources") in Scope(Build: file:/Users/No51/hello-scala/, , Project: ProjectReference(file:/Users/No51/hello-scala/,hello-scala), Config: compile)),true,None)
Sending msg to client activator-ea6e5b83-3352-419f-aca9-aaf9164fb418: TaskStarted(7,703,Some(AttributeKey[scala.collection.Seq[java.io.File]]("sources") in Scope(Build: file:/Users/No51/hello-scala/, , Project: ProjectReference(file:/Users/No51/hello-scala/,hello-scala), Config: compile)))
Sending msg to client activator-ea6e5b83-3352-419f-aca9-aaf9164fb418: TaskFinished(7,730,Some(AttributeKey[sbt.inc.IncOptions]("incOptions") in Scope(Build: file:/Users/No51/hello-scala/, , Project: ProjectReference(file:/Users/No51/hello-scala/,hello-scala))),true,None)
Sending msg to client activator-ea6e5b83-3352-419f-aca9-aaf9164fb418: TaskFinished(7,692,Some(AttributeKey[scala.collection.immutable.Map[sbt.ModuleID,sbt.SourcePosition]]("dependencyPositions") in Scope(Build: file:/Users/No51/hello-scala/, , Project: ProjectReference(file:/Users/No51/hello-scala/,hello-scala))),true,None)
Sending msg to client activator-ea6e5b83-3352-419f-aca9-aaf9164fb418: TaskStarted(7,691,Some(AttributeKey[sbt.UnresolvedWarningConfiguration]("unresolvedWarningConfiguration") in Scope(Build: file:/Users/No51/hello-scala/, , Project: ProjectReference(file:/Users/No51/hello-scala/,hello-scala), Task: AttributeKey[sbt.UpdateReport]("update"))))
Sending msg to client activator-ea6e5b83-3352-419f-aca9-aaf9164fb418: TaskFinished(7,664,Some(AttributeKey[sbt.Settings[sbt.Scope]]("settingsData") in Scope(Global)),true,None)
Sending msg to client activator-ea6e5b83-3352-419f-aca9-aaf9164fb418: TaskStarted(7,663,None)
Sending msg to client activator-ea6e5b83-3352-419f-aca9-aaf9164fb418: TaskStarted(7,679,Some(AttributeKey[scala.collection.Seq[sbt.ModuleID]]("projectDependencies") in Scope(Build: file:/Users/No51/hello-scala/, , Project: ProjectReference(file:/Users/No51/hello-scala/,hello-scala))))
Sending msg to client activator-ea6e5b83-3352-419f-aca9-aaf9164fb418: TaskStarted(7,687,Some(AttributeKey[scala.collection.immutable.Map[org.apache.ivy.core.module.id.ModuleRevisionId,org.apache.ivy.core.module.descriptor.ModuleDescriptor]]("projectDescriptors") in Scope(Build: file:/Users/No51/hello-scala/, , Project: ProjectReference(file:/Users/No51/hello-scala/,hello-scala))))
Sending msg to client activator-ea6e5b83-3352-419f-aca9-aaf9164fb418: TaskStarted(7,695,None)
Sending msg to client activator-ea6e5b83-3352-419f-aca9-aaf9164fb418: TaskStarted(7,700,Some(AttributeKey[sbt.ScalaInstance]("scalaInstance") in Scope(Build: file:/Users/No51/hello-scala/, , Project: ProjectReference(file:/Users/No51/hello-scala/,hello-scala))))
Sending msg to client activator-ea6e5b83-3352-419f-aca9-aaf9164fb418: TaskStarted(7,719,None)
Sending msg to client activator-ea6e5b83-3352-419f-aca9-aaf9164fb418: TaskFinished(7,703,Some(AttributeKey[scala.collection.Seq[java.io.File]]("sources") in Scope(Build: file:/Users/No51/hello-scala/, , Project: ProjectReference(file:/Users/No51/hello-scala/,hello-scala), Config: compile)),true,None)
Sending msg to client activator-ea6e5b83-3352-419f-aca9-aaf9164fb418: TaskFinished(7,691,Some(AttributeKey[sbt.UnresolvedWarningConfiguration]("unresolvedWarningConfiguration") in Scope(Build: file:/Users/No51/hello-scala/, , Project: ProjectReference(file:/Users/No51/hello-scala/,hello-scala), Task: AttributeKey[sbt.UpdateReport]("update"))),true,None)
Sending msg to client activator-ea6e5b83-3352-419f-aca9-aaf9164fb418: TaskStarted(7,736,None)
Sending msg to client activator-ea6e5b83-3352-419f-aca9-aaf9164fb418: TaskFinished(7,679,Some(AttributeKey[scala.collection.Seq[sbt.ModuleID]]("projectDependencies") in Scope(Build: file:/Users/No51/hello-scala/, , Project: ProjectReference(file:/Users/No51/hello-scala/,hello-scala))),true,None)
Sending msg to client activator-ea6e5b83-3352-419f-aca9-aaf9164fb418: TaskStarted(7,678,Some(AttributeKey[scala.collection.Seq[sbt.ModuleID]]("allDependencies") in Scope(Build: file:/Users/No51/hello-scala/, , Project: ProjectReference(file:/Users/No51/hello-scala/,hello-scala))))
Sending msg to client activator-ea6e5b83-3352-419f-aca9-aaf9164fb418: TaskStarted(7,738,None)
Sending msg to client activator-ea6e5b83-3352-419f-aca9-aaf9164fb418: TaskStarted(7,739,None)
Sending msg to client activator-ea6e5b83-3352-419f-aca9-aaf9164fb418: TaskStarted(7,745,None)
Sending msg to client activator-ea6e5b83-3352-419f-aca9-aaf9164fb418: TaskStarted(7,747,None)
Sending msg to client activator-ea6e5b83-3352-419f-aca9-aaf9164fb418: TaskStarted(7,748,None)
Sending msg to client activator-ea6e5b83-3352-419f-aca9-aaf9164fb418: TaskFinished(7,736,None,true,None)
Sending msg to client activator-ea6e5b83-3352-419f-aca9-aaf9164fb418: TaskStarted(7,735,None)
Sending msg to client activator-ea6e5b83-3352-419f-aca9-aaf9164fb418: TaskFinished(7,678,Some(AttributeKey[scala.collection.Seq[sbt.ModuleID]]("allDependencies") in Scope(Build: file:/Users/No51/hello-scala/, , Project: ProjectReference(file:/Users/No51/hello-scala/,hello-scala))),true,None)
Sending msg to client activator-ea6e5b83-3352-419f-aca9-aaf9164fb418: TaskStarted(7,677,Some(AttributeKey[sbt.ModuleSettings]("moduleSettings") in Scope(Build: file:/Users/No51/hello-scala/, , Project: ProjectReference(file:/Users/No51/hello-scala/,hello-scala))))
Sending msg to client activator-ea6e5b83-3352-419f-aca9-aaf9164fb418: TaskFinished(7,738,None,true,None)
Sending msg to client activator-ea6e5b83-3352-419f-aca9-aaf9164fb418: TaskStarted(7,737,None)
Sending msg to client activator-ea6e5b83-3352-419f-aca9-aaf9164fb418: TaskFinished(7,739,None,true,None)
Sending msg to client activator-ea6e5b83-3352-419f-aca9-aaf9164fb418: TaskFinished(7,695,None,true,None)
Sending msg to client activator-ea6e5b83-3352-419f-aca9-aaf9164fb418: TaskFinished(7,745,None,true,None)
Sending msg to client activator-ea6e5b83-3352-419f-aca9-aaf9164fb418: TaskStarted(7,744,None)
Sending msg to client activator-ea6e5b83-3352-419f-aca9-aaf9164fb418: TaskFinished(7,747,None,true,None)
Sending msg to client activator-ea6e5b83-3352-419f-aca9-aaf9164fb418: TaskFinished(7,748,None,true,None)
Sending msg to client activator-ea6e5b83-3352-419f-aca9-aaf9164fb418: TaskStarted(7,746,Some(AttributeKey[scala.collection.Seq[sbt.Attributed[java.io.File]]]("unmanagedJars") in Scope(Build: file:/Users/No51/hello-scala/, , Project: ProjectReference(file:/Users/No51/hello-scala/,hello-scala), Config: compile)))
Sending msg to client activator-ea6e5b83-3352-419f-aca9-aaf9164fb418: TaskFinished(7,735,None,true,None)
Sending msg to client activator-ea6e5b83-3352-419f-aca9-aaf9164fb418: TaskFinished(7,663,None,true,None)
Sending msg to client activator-ea6e5b83-3352-419f-aca9-aaf9164fb418: TaskFinished(7,677,Some(AttributeKey[sbt.ModuleSettings]("moduleSettings") in Scope(Build: file:/Users/No51/hello-scala/, , Project: ProjectReference(file:/Users/No51/hello-scala/,hello-scala))),true,None)
Sending msg to client activator-ea6e5b83-3352-419f-aca9-aaf9164fb418: TaskFinished(7,737,None,true,None)
Sending msg to client activator-ea6e5b83-3352-419f-aca9-aaf9164fb418: TaskFinished(7,687,Some(AttributeKey[scala.collection.immutable.Map[org.apache.ivy.core.module.id.ModuleRevisionId,org.apache.ivy.core.module.descriptor.ModuleDescriptor]]("projectDescriptors") in Scope(Build: file:/Users/No51/hello-scala/, , Project: ProjectReference(file:/Users/No51/hello-scala/,hello-scala))),true,None)
Sending msg to client activator-ea6e5b83-3352-419f-aca9-aaf9164fb418: TaskStarted(7,686,Some(AttributeKey[sbt.Resolver]("projectResolver") in Scope(Build: file:/Users/No51/hello-scala/, , Project: ProjectReference(file:/Users/No51/hello-scala/,hello-scala))))
Sending msg to client activator-ea6e5b83-3352-419f-aca9-aaf9164fb418: TaskStarted(7,749,None)
Sending msg to client activator-ea6e5b83-3352-419f-aca9-aaf9164fb418: TaskFinished(7,746,Some(AttributeKey[scala.collection.Seq[sbt.Attributed[java.io.File]]]("unmanagedJars") in Scope(Build: file:/Users/No51/hello-scala/, , Project: ProjectReference(file:/Users/No51/hello-scala/,hello-scala), Config: compile)),true,None)
Sending msg to client activator-ea6e5b83-3352-419f-aca9-aaf9164fb418: TaskFinished(7,686,Some(AttributeKey[sbt.Resolver]("projectResolver") in Scope(Build: file:/Users/No51/hello-scala/, , Project: ProjectReference(file:/Users/No51/hello-scala/,hello-scala))),true,None)
Sending msg to client activator-ea6e5b83-3352-419f-aca9-aaf9164fb418: TaskStarted(7,683,Some(AttributeKey[scala.collection.Seq[sbt.Resolver]]("fullResolvers") in Scope(Build: file:/Users/No51/hello-scala/, , Project: ProjectReference(file:/Users/No51/hello-scala/,hello-scala))))
Sending msg to client activator-ea6e5b83-3352-419f-aca9-aaf9164fb418: TaskFinished(7,749,None,true,None)
Sending msg to client activator-ea6e5b83-3352-419f-aca9-aaf9164fb418: TaskFinished(7,744,None,true,None)
Sending msg to client activator-ea6e5b83-3352-419f-aca9-aaf9164fb418: TaskStarted(7,743,Some(AttributeKey[scala.collection.Seq[sbt.Attributed[java.io.File]]]("unmanagedJars") in Scope(Build: file:/Users/No51/hello-scala/, , Project: ProjectReference(file:/Users/No51/hello-scala/,hello-scala), Config: compile)))
Sending msg to client activator-ea6e5b83-3352-419f-aca9-aaf9164fb418: TaskFinished(7,683,Some(AttributeKey[scala.collection.Seq[sbt.Resolver]]("fullResolvers") in Scope(Build: file:/Users/No51/hello-scala/, , Project: ProjectReference(file:/Users/No51/hello-scala/,hello-scala))),true,None)
Sending msg to client activator-ea6e5b83-3352-419f-aca9-aaf9164fb418: TaskStarted(7,682,Some(AttributeKey[sbt.IvyConfiguration]("ivyConfiguration") in Scope(Build: file:/Users/No51/hello-scala/, , Project: ProjectReference(file:/Users/No51/hello-scala/,hello-scala))))
Sending msg to client activator-ea6e5b83-3352-419f-aca9-aaf9164fb418: TaskFinished(7,743,Some(AttributeKey[scala.collection.Seq[sbt.Attributed[java.io.File]]]("unmanagedJars") in Scope(Build: file:/Users/No51/hello-scala/, , Project: ProjectReference(file:/Users/No51/hello-scala/,hello-scala), Config: compile)),true,None)
Sending msg to client activator-ea6e5b83-3352-419f-aca9-aaf9164fb418: TaskStarted(7,742,None)
Sending msg to client activator-ea6e5b83-3352-419f-aca9-aaf9164fb418: TaskFinished(7,682,Some(AttributeKey[sbt.IvyConfiguration]("ivyConfiguration") in Scope(Build: file:/Users/No51/hello-scala/, , Project: ProjectReference(file:/Users/No51/hello-scala/,hello-scala))),true,None)
Sending msg to client activator-ea6e5b83-3352-419f-aca9-aaf9164fb418: TaskStarted(7,680,Some(AttributeKey[sbt.IvySbt]("ivySbt") in Scope(Build: file:/Users/No51/hello-scala/, , Project: ProjectReference(file:/Users/No51/hello-scala/,hello-scala))))
Sending msg to client activator-ea6e5b83-3352-419f-aca9-aaf9164fb418: TaskFinished(7,742,None,true,None)
Sending msg to client activator-ea6e5b83-3352-419f-aca9-aaf9164fb418: TaskStarted(7,741,None)
Sending msg to client activator-ea6e5b83-3352-419f-aca9-aaf9164fb418: TaskFinished(7,680,Some(AttributeKey[sbt.IvySbt]("ivySbt") in Scope(Build: file:/Users/No51/hello-scala/, , Project: ProjectReference(file:/Users/No51/hello-scala/,hello-scala))),true,None)
Sending msg to client activator-ea6e5b83-3352-419f-aca9-aaf9164fb418: TaskStarted(7,676,Some(AttributeKey[sbt.IvySbt$Module]("ivyModule") in Scope(Build: file:/Users/No51/hello-scala/, , Project: ProjectReference(file:/Users/No51/hello-scala/,hello-scala))))
Sending msg to client activator-ea6e5b83-3352-419f-aca9-aaf9164fb418: TaskFinished(7,741,None,true,None)
Sending msg to client activator-ea6e5b83-3352-419f-aca9-aaf9164fb418: TaskFinished(7,719,None,true,None)
Sending msg to client activator-ea6e5b83-3352-419f-aca9-aaf9164fb418: TaskStarted(7,718,Some(AttributeKey[scala.collection.Seq[sbt.Attributed[java.io.File]]]("unmanagedClasspath") in Scope(Build: file:/Users/No51/hello-scala/, , Project: ProjectReference(file:/Users/No51/hello-scala/,hello-scala), Config: compile)))
Sending msg to client activator-ea6e5b83-3352-419f-aca9-aaf9164fb418: TaskFinished(7,676,Some(AttributeKey[sbt.IvySbt$Module]("ivyModule") in Scope(Build: file:/Users/No51/hello-scala/, , Project: ProjectReference(file:/Users/No51/hello-scala/,hello-scala))),true,None)
Sending msg to client activator-ea6e5b83-3352-419f-aca9-aaf9164fb418: TaskStarted(7,668,Some(AttributeKey[sbt.UpdateReport]("update") in Scope(Build: file:/Users/No51/hello-scala/, , Project: ProjectReference(file:/Users/No51/hello-scala/,hello-scala))))
Sending msg to client activator-ea6e5b83-3352-419f-aca9-aaf9164fb418: TaskFinished(7,718,Some(AttributeKey[scala.collection.Seq[sbt.Attributed[java.io.File]]]("unmanagedClasspath") in Scope(Build: file:/Users/No51/hello-scala/, , Project: ProjectReference(file:/Users/No51/hello-scala/,hello-scala), Config: compile)),true,None)
Sending msg to client activator-ea6e5b83-3352-419f-aca9-aaf9164fb418: TaskFinished(7,668,Some(AttributeKey[sbt.UpdateReport]("update") in Scope(Build: file:/Users/No51/hello-scala/, , Project: ProjectReference(file:/Users/No51/hello-scala/,hello-scala))),true,None)
Sending msg to client activator-ea6e5b83-3352-419f-aca9-aaf9164fb418: TaskStarted(7,667,Some(AttributeKey[sbt.UpdateReport]("update") in Scope(Build: file:/Users/No51/hello-scala/, , Project: ProjectReference(file:/Users/No51/hello-scala/,hello-scala))))
Sending msg to client activator-ea6e5b83-3352-419f-aca9-aaf9164fb418: TaskFinished(7,667,Some(AttributeKey[sbt.UpdateReport]("update") in Scope(Build: file:/Users/No51/hello-scala/, , Project: ProjectReference(file:/Users/No51/hello-scala/,hello-scala))),true,None)
Sending msg to client activator-ea6e5b83-3352-419f-aca9-aaf9164fb418: TaskStarted(7,661,Some(AttributeKey[scala.collection.Seq[java.lang.String]]("scalacOptions") in Scope(Build: file:/Users/No51/hello-scala/, , Project: ProjectReference(file:/Users/No51/hello-scala/,hello-scala), Config: compile)))
Sending msg to client activator-ea6e5b83-3352-419f-aca9-aaf9164fb418: TaskStarted(7,713,Some(AttributeKey[sbt.Configuration]("classpathConfiguration") in Scope(Build: file:/Users/No51/hello-scala/, , Project: ProjectReference(file:/Users/No51/hello-scala/,hello-scala), Config: compile)))
Sending msg to client activator-ea6e5b83-3352-419f-aca9-aaf9164fb418: TaskStarted(7,740,None)
Sending msg to client activator-ea6e5b83-3352-419f-aca9-aaf9164fb418: TaskFinished(7,661,Some(AttributeKey[scala.collection.Seq[java.lang.String]]("scalacOptions") in Scope(Build: file:/Users/No51/hello-scala/, , Project: ProjectReference(file:/Users/No51/hello-scala/,hello-scala), Config: compile)),true,None)
Sending msg to client activator-ea6e5b83-3352-419f-aca9-aaf9164fb418: TaskFinished(7,713,Some(AttributeKey[sbt.Configuration]("classpathConfiguration") in Scope(Build: file:/Users/No51/hello-scala/, , Project: ProjectReference(file:/Users/No51/hello-scala/,hello-scala), Config: compile)),true,None)
Sending msg to client activator-ea6e5b83-3352-419f-aca9-aaf9164fb418: TaskStarted(7,712,None)
Sending msg to client activator-ea6e5b83-3352-419f-aca9-aaf9164fb418: TaskStarted(7,722,None)
Sending msg to client activator-ea6e5b83-3352-419f-aca9-aaf9164fb418: TaskFinished(7,740,None,true,None)
Sending msg to client activator-ea6e5b83-3352-419f-aca9-aaf9164fb418: TaskFinished(7,700,Some(AttributeKey[sbt.ScalaInstance]("scalaInstance") in Scope(Build: file:/Users/No51/hello-scala/, , Project: ProjectReference(file:/Users/No51/hello-scala/,hello-scala))),true,None)
Sending msg to client activator-ea6e5b83-3352-419f-aca9-aaf9164fb418: TaskStarted(7,698,Some(AttributeKey[sbt.Compiler$Compilers]("compilers") in Scope(Global)))
Sending msg to client activator-ea6e5b83-3352-419f-aca9-aaf9164fb418: TaskStarted(7,752,None)
Sending msg to client activator-ea6e5b83-3352-419f-aca9-aaf9164fb418: TaskStarted(7,753,None)
Sending msg to client activator-ea6e5b83-3352-419f-aca9-aaf9164fb418: TaskFinished(7,722,None,true,None)
Sending msg to client activator-ea6e5b83-3352-419f-aca9-aaf9164fb418: TaskStarted(7,721,Some(AttributeKey[scala.collection.Seq[sbt.Attributed[java.io.File]]]("managedClasspath") in Scope(Build: file:/Users/No51/hello-scala/, , Project: ProjectReference(file:/Users/No51/hello-scala/,hello-scala), Config: compile)))
Sending msg to client activator-ea6e5b83-3352-419f-aca9-aaf9164fb418: TaskFinished(7,698,Some(AttributeKey[sbt.Compiler$Compilers]("compilers") in Scope(Global)),true,None)
Sending msg to client activator-ea6e5b83-3352-419f-aca9-aaf9164fb418: TaskFinished(7,752,None,true,None)
Sending msg to client activator-ea6e5b83-3352-419f-aca9-aaf9164fb418: TaskFinished(7,753,None,true,None)
Sending msg to client activator-ea6e5b83-3352-419f-aca9-aaf9164fb418: TaskStarted(7,751,None)
Sending msg to client activator-ea6e5b83-3352-419f-aca9-aaf9164fb418: TaskFinished(7,721,Some(AttributeKey[scala.collection.Seq[sbt.Attributed[java.io.File]]]("managedClasspath") in Scope(Build: file:/Users/No51/hello-scala/, , Project: ProjectReference(file:/Users/No51/hello-scala/,hello-scala), Config: compile)),true,None)
Sending msg to client activator-ea6e5b83-3352-419f-aca9-aaf9164fb418: TaskStarted(7,717,None)
Sending msg to client activator-ea6e5b83-3352-419f-aca9-aaf9164fb418: TaskFinished(7,751,None,true,None)
Sending msg to client activator-ea6e5b83-3352-419f-aca9-aaf9164fb418: TaskStarted(7,750,None)
Sending msg to client activator-ea6e5b83-3352-419f-aca9-aaf9164fb418: TaskFinished(7,717,None,true,None)
Sending msg to client activator-ea6e5b83-3352-419f-aca9-aaf9164fb418: TaskStarted(7,715,Some(AttributeKey[scala.collection.Seq[sbt.Attributed[java.io.File]]]("externalDependencyClasspath") in Scope(Build: file:/Users/No51/hello-scala/, , Project: ProjectReference(file:/Users/No51/hello-scala/,hello-scala), Config: compile)))
Sending msg to client activator-ea6e5b83-3352-419f-aca9-aaf9164fb418: TaskFinished(7,750,None,true,None)
Sending msg to client activator-ea6e5b83-3352-419f-aca9-aaf9164fb418: TaskFinished(7,712,None,true,None)
Sending msg to client activator-ea6e5b83-3352-419f-aca9-aaf9164fb418: TaskStarted(7,710,Some(AttributeKey[scala.collection.Seq[sbt.Attributed[java.io.File]]]("internalDependencyClasspath") in Scope(Build: file:/Users/No51/hello-scala/, , Project: ProjectReference(file:/Users/No51/hello-scala/,hello-scala), Config: compile)))
Sending msg to client activator-ea6e5b83-3352-419f-aca9-aaf9164fb418: TaskFinished(7,715,Some(AttributeKey[scala.collection.Seq[sbt.Attributed[java.io.File]]]("externalDependencyClasspath") in Scope(Build: file:/Users/No51/hello-scala/, , Project: ProjectReference(file:/Users/No51/hello-scala/,hello-scala), Config: compile)),true,None)
Sending msg to client activator-ea6e5b83-3352-419f-aca9-aaf9164fb418: TaskFinished(7,710,Some(AttributeKey[scala.collection.Seq[sbt.Attributed[java.io.File]]]("internalDependencyClasspath") in Scope(Build: file:/Users/No51/hello-scala/, , Project: ProjectReference(file:/Users/No51/hello-scala/,hello-scala), Config: compile)),true,None)
Sending msg to client activator-ea6e5b83-3352-419f-aca9-aaf9164fb418: TaskStarted(7,709,None)
Sending msg to client activator-ea6e5b83-3352-419f-aca9-aaf9164fb418: TaskFinished(7,709,None,true,None)
Sending msg to client activator-ea6e5b83-3352-419f-aca9-aaf9164fb418: TaskStarted(7,708,Some(AttributeKey[scala.collection.Seq[sbt.Attributed[java.io.File]]]("dependencyClasspath") in Scope(Build: file:/Users/No51/hello-scala/, , Project: ProjectReference(file:/Users/No51/hello-scala/,hello-scala), Config: compile)))
Sending msg to client activator-ea6e5b83-3352-419f-aca9-aaf9164fb418: TaskFinished(7,708,Some(AttributeKey[scala.collection.Seq[sbt.Attributed[java.io.File]]]("dependencyClasspath") in Scope(Build: file:/Users/No51/hello-scala/, , Project: ProjectReference(file:/Users/No51/hello-scala/,hello-scala), Config: compile)),true,None)
Sending msg to client activator-ea6e5b83-3352-419f-aca9-aaf9164fb418: TaskStarted(7,725,Some(AttributeKey[sbt.Compiler$IncSetup]("incCompileSetup") in Scope(Build: file:/Users/No51/hello-scala/, , Project: ProjectReference(file:/Users/No51/hello-scala/,hello-scala), Config: compile)))
Sending msg to client activator-ea6e5b83-3352-419f-aca9-aaf9164fb418: TaskFinished(7,725,Some(AttributeKey[sbt.Compiler$IncSetup]("incCompileSetup") in Scope(Build: file:/Users/No51/hello-scala/, , Project: ProjectReference(file:/Users/No51/hello-scala/,hello-scala), Config: compile)),true,None)
Sending msg to client activator-ea6e5b83-3352-419f-aca9-aaf9164fb418: TaskStarted(7,659,Some(AttributeKey[sbt.Compiler$Inputs]("compileInputs") in Scope(Build: file:/Users/No51/hello-scala/, , Project: ProjectReference(file:/Users/No51/hello-scala/,hello-scala), Config: compile, Task: AttributeKey[sbt.inc.Analysis]("compile"))))
Sending msg to client activator-ea6e5b83-3352-419f-aca9-aaf9164fb418: TaskStarted(7,732,Some(AttributeKey[sbt.Compiler$PreviousAnalysis]("readAnalysis") in Scope(Build: file:/Users/No51/hello-scala/, , Project: ProjectReference(file:/Users/No51/hello-scala/,hello-scala), Config: compile)))
Sending msg to client activator-ea6e5b83-3352-419f-aca9-aaf9164fb418: TaskFinished(7,732,Some(AttributeKey[sbt.Compiler$PreviousAnalysis]("readAnalysis") in Scope(Build: file:/Users/No51/hello-scala/, , Project: ProjectReference(file:/Users/No51/hello-scala/,hello-scala), Config: compile)),true,None)
Sending msg to client activator-ea6e5b83-3352-419f-aca9-aaf9164fb418: TaskFinished(7,659,Some(AttributeKey[sbt.Compiler$Inputs]("compileInputs") in Scope(Build: file:/Users/No51/hello-scala/, , Project: ProjectReference(file:/Users/No51/hello-scala/,hello-scala), Config: compile, Task: AttributeKey[sbt.inc.Analysis]("compile"))),true,None)
Sending msg to client activator-ea6e5b83-3352-419f-aca9-aaf9164fb418: TaskStarted(7,655,Some(AttributeKey[scala.Option[xsbti.Reporter]]("compilerReporter") in Scope(Build: file:/Users/No51/hello-scala/, , Project: ProjectReference(file:/Users/No51/hello-scala/,hello-scala), Config: compile, Task: AttributeKey[sbt.inc.Analysis]("compile"))))
Sending msg to client activator-ea6e5b83-3352-419f-aca9-aaf9164fb418: TaskFinished(7,655,Some(AttributeKey[scala.Option[xsbti.Reporter]]("compilerReporter") in Scope(Build: file:/Users/No51/hello-scala/, , Project: ProjectReference(file:/Users/No51/hello-scala/,hello-scala), Config: compile, Task: AttributeKey[sbt.inc.Analysis]("compile"))),true,None)
Sending msg to client activator-ea6e5b83-3352-419f-aca9-aaf9164fb418: TaskStarted(7,654,Some(AttributeKey[sbt.compiler.IC$Result]("compileIncremental") in Scope(Build: file:/Users/No51/hello-scala/, , Project: ProjectReference(file:/Users/No51/hello-scala/,hello-scala), Config: compile)))
Sending msg to client activator-ea6e5b83-3352-419f-aca9-aaf9164fb418: TaskLogEvent(654,LogMessage(debug,
Initial source changes: 
	removed:Set()
	added: Set()
	modified: Set()
Removed products: Set()
External API changes: API Changes: Set()
Modified binary dependencies: Set()
Initial directly invalidated sources: Set()

Sources indirectly invalidated by:
	product: Set()
	binary dep: Set()
	external source: Set()))
Sending msg to client activator-ea6e5b83-3352-419f-aca9-aaf9164fb418: TaskLogEvent(654,LogMessage(debug,All initially invalidated sources: Set()
))
Sending msg to client activator-ea6e5b83-3352-419f-aca9-aaf9164fb418: TaskFinished(7,654,Some(AttributeKey[sbt.compiler.IC$Result]("compileIncremental") in Scope(Build: file:/Users/No51/hello-scala/, , Project: ProjectReference(file:/Users/No51/hello-scala/,hello-scala), Config: compile)),true,None)
Sending msg to client activator-ea6e5b83-3352-419f-aca9-aaf9164fb418: TaskStarted(7,653,Some(AttributeKey[sbt.compiler.IC$Result]("manipulateBytecode") in Scope(Build: file:/Users/No51/hello-scala/, , Project: ProjectReference(file:/Users/No51/hello-scala/,hello-scala), Config: compile)))
Sending msg to client activator-ea6e5b83-3352-419f-aca9-aaf9164fb418: TaskFinished(7,653,Some(AttributeKey[sbt.compiler.IC$Result]("manipulateBytecode") in Scope(Build: file:/Users/No51/hello-scala/, , Project: ProjectReference(file:/Users/No51/hello-scala/,hello-scala), Config: compile)),true,None)
Sending msg to client activator-ea6e5b83-3352-419f-aca9-aaf9164fb418: TaskStarted(7,652,Some(AttributeKey[sbt.inc.Analysis]("compile") in Scope(Build: file:/Users/No51/hello-scala/, , Project: ProjectReference(file:/Users/No51/hello-scala/,hello-scala), Config: compile)))
Sending msg to client activator-ea6e5b83-3352-419f-aca9-aaf9164fb418: TaskFinished(7,652,Some(AttributeKey[sbt.inc.Analysis]("compile") in Scope(Build: file:/Users/No51/hello-scala/, , Project: ProjectReference(file:/Users/No51/hello-scala/,hello-scala), Config: compile)),true,None)
Sending msg to client activator-ea6e5b83-3352-419f-aca9-aaf9164fb418: TaskStarted(7,651,Some(AttributeKey[scala.collection.Seq[java.lang.String]]("discoveredMainClasses") in Scope(Build: file:/Users/No51/hello-scala/, , Project: ProjectReference(file:/Users/No51/hello-scala/,hello-scala), Config: compile)))
Sending msg to client activator-ea6e5b83-3352-419f-aca9-aaf9164fb418: TaskFinished(7,651,Some(AttributeKey[scala.collection.Seq[java.lang.String]]("discoveredMainClasses") in Scope(Build: file:/Users/No51/hello-scala/, , Project: ProjectReference(file:/Users/No51/hello-scala/,hello-scala), Config: compile)),true,None)
Sending msg to client activator-ea6e5b83-3352-419f-aca9-aaf9164fb418: TaskStarted(7,650,Some(AttributeKey[scala.Option[java.lang.String]]("mainClass") in Scope(Build: file:/Users/No51/hello-scala/, , Project: ProjectReference(file:/Users/No51/hello-scala/,hello-scala), Config: compile)))
Sending msg to client activator-ea6e5b83-3352-419f-aca9-aaf9164fb418: TaskFinished(7,650,Some(AttributeKey[scala.Option[java.lang.String]]("mainClass") in Scope(Build: file:/Users/No51/hello-scala/, , Project: ProjectReference(file:/Users/No51/hello-scala/,hello-scala), Config: compile)),true,None)
Sending msg to client activator-ea6e5b83-3352-419f-aca9-aaf9164fb418: ValueChanged(AttributeKey[scala.Option[java.lang.String]]("mainClass") in Scope(Build: file:/Users/No51/hello-scala/, , Project: ProjectReference(file:/Users/No51/hello-scala/,hello-scala), Config: compile),TaskSuccess(BuildValue(LazyValue(Some(Hello),scala.pickling.PicklerUnpickler$DelegatingPicklerUnpickler@7fe82caf),Some(Hello))))
Sending msg to client activator-ea6e5b83-3352-419f-aca9-aaf9164fb418: TaskStarted(7,649,None)
Sending msg to client activator-ea6e5b83-3352-419f-aca9-aaf9164fb418: TaskFinished(7,649,None,true,None)
Sending msg to client activator-ea6e5b83-3352-419f-aca9-aaf9164fb418: TaskStarted(7,648,None)
Sending msg to client activator-ea6e5b83-3352-419f-aca9-aaf9164fb418: TaskFinished(7,648,None,true,None)
Sending msg to client activator-ea6e5b83-3352-419f-aca9-aaf9164fb418: DetachedLogEvent(LogMessage(debug,cancel strategy finish enabled=false lastCommand=Some(LastCommand(CommandExecutionWork(ExecutionId(7),{file:/Users/No51/hello-scala/}hello-scala/compile:mainClass,Set(LiveClient(activator ea6e5b83-3352-419f-aca9-aaf9164fb418)),sbt.server.WorkCancellationStatus$$anon$1@56ef9f9b)))))
Sending msg to client activator-ea6e5b83-3352-419f-aca9-aaf9164fb418: DetachedLogEvent(LogSuccess(Total time: 0 s, completed 2016/06/05 12:58:40))
Sending msg to client activator-ea6e5b83-3352-419f-aca9-aaf9164fb418: DetachedLogEvent(LogMessage(debug,> server-post-command-cleanup))
Sending msg to client activator-ea6e5b83-3352-419f-aca9-aaf9164fb418: ExecutionSuccess(7)
Sending msg to client activator-ea6e5b83-3352-419f-aca9-aaf9164fb418: DetachedLogEvent(LogMessage(debug,> server-handle-next-server-request))
Sending msg to client activator-ea6e5b83-3352-419f-aca9-aaf9164fb418: ExecutionStarting(8)
Sending msg to client activator-ea6e5b83-3352-419f-aca9-aaf9164fb418: DetachedLogEvent(LogMessage(debug,> {file:/Users/No51/hello-scala/}hello-scala/compile:discoveredMainClasses))
Sending msg to client activator-ea6e5b83-3352-419f-aca9-aaf9164fb418: DetachedLogEvent(LogMessage(debug,Evaluating tasks: compile:discoveredMainClasses))
Sending msg to client activator-ea6e5b83-3352-419f-aca9-aaf9164fb418: DetachedLogEvent(LogMessage(debug,Running task... Cancel: sbt.server.ServerTaskCancellation@6a6b1e12, check cycles: false))
Sending msg to client activator-ea6e5b83-3352-419f-aca9-aaf9164fb418: DetachedLogEvent(LogMessage(debug,cancel strategy start enabled=true lastCommand=Some(LastCommand(CommandExecutionWork(ExecutionId(8),{file:/Users/No51/hello-scala/}hello-scala/compile:discoveredMainClasses,Set(LiveClient(activator ea6e5b83-3352-419f-aca9-aaf9164fb418)),sbt.server.WorkCancellationStatus$$anon$1@3f766bd5)))))
Sending msg to client activator-ea6e5b83-3352-419f-aca9-aaf9164fb418: TaskStarted(8,761,Some(AttributeKey[sbt.SendEventService]("sendEventService") in Scope(Global)))
Sending msg to client activator-ea6e5b83-3352-419f-aca9-aaf9164fb418: TaskStarted(8,763,None)
Sending msg to client activator-ea6e5b83-3352-419f-aca9-aaf9164fb418: TaskStarted(8,765,Some(AttributeKey[scala.collection.Seq[scala.Function1[xsbti.Position,scala.Option[xsbti.Position]]]]("sourcePositionMappers") in Scope(Global)))
Sending msg to client activator-ea6e5b83-3352-419f-aca9-aaf9164fb418: TaskStarted(8,767,Some(AttributeKey[scala.collection.Seq[java.lang.String]]("scalacOptions") in Scope(Global)))
Sending msg to client activator-ea6e5b83-3352-419f-aca9-aaf9164fb418: TaskStarted(8,771,None)
Sending msg to client activator-ea6e5b83-3352-419f-aca9-aaf9164fb418: TaskStarted(8,775,None)
Sending msg to client activator-ea6e5b83-3352-419f-aca9-aaf9164fb418: TaskStarted(8,776,None)
Sending msg to client activator-ea6e5b83-3352-419f-aca9-aaf9164fb418: TaskStarted(8,777,None)
Sending msg to client activator-ea6e5b83-3352-419f-aca9-aaf9164fb418: TaskStarted(8,778,Some(AttributeKey[boolean]("skip") in Scope(Global)))
Sending msg to client activator-ea6e5b83-3352-419f-aca9-aaf9164fb418: TaskStarted(8,786,Some(AttributeKey[scala.collection.Seq[sbt.Credentials]]("credentials") in Scope(Global)))
Sending msg to client activator-ea6e5b83-3352-419f-aca9-aaf9164fb418: TaskStarted(8,789,Some(AttributeKey[scala.collection.Seq[sbt.Resolver]]("externalResolvers") in Scope(Build: file:/Users/No51/hello-scala/, , Project: ProjectReference(file:/Users/No51/hello-scala/,hello-scala))))
Sending msg to client activator-ea6e5b83-3352-419f-aca9-aaf9164fb418: TaskStarted(8,790,Some(AttributeKey[scala.Option[scala.collection.Seq[sbt.Resolver]]]("bootResolvers") in Scope(Build: file:/Users/No51/hello-scala/, , Project: ProjectReference(file:/Users/No51/hello-scala/,hello-scala))))
Sending msg to client activator-ea6e5b83-3352-419f-aca9-aaf9164fb418: TaskStarted(8,799,Some(AttributeKey[java.lang.String]("updateCacheName") in Scope(Build: file:/Users/No51/hello-scala/, , Project: ProjectReference(file:/Users/No51/hello-scala/,hello-scala))))
Sending msg to client activator-ea6e5b83-3352-419f-aca9-aaf9164fb418: TaskStarted(8,801,None)
Sending msg to client activator-ea6e5b83-3352-419f-aca9-aaf9164fb418: TaskStarted(8,806,None)
Sending msg to client activator-ea6e5b83-3352-419f-aca9-aaf9164fb418: TaskStarted(8,807,Some(AttributeKey[scala.collection.Seq[java.lang.String]]("javacOptions") in Scope(Global)))
Sending msg to client activator-ea6e5b83-3352-419f-aca9-aaf9164fb418: TaskStarted(8,810,Some(AttributeKey[scala.collection.Seq[java.io.File]]("unmanagedSources") in Scope(Build: file:/Users/No51/hello-scala/, , Project: ProjectReference(file:/Users/No51/hello-scala/,hello-scala), Config: compile)))
Sending msg to client activator-ea6e5b83-3352-419f-aca9-aaf9164fb418: TaskStarted(8,812,None)
Sending msg to client activator-ea6e5b83-3352-419f-aca9-aaf9164fb418: TaskStarted(8,819,None)
Sending msg to client activator-ea6e5b83-3352-419f-aca9-aaf9164fb418: TaskStarted(8,831,Some(AttributeKey[java.lang.String]("compileAnalysisFilename") in Scope(Build: file:/Users/No51/hello-scala/, , Project: ProjectReference(file:/Users/No51/hello-scala/,hello-scala), Config: compile)))
Sending msg to client activator-ea6e5b83-3352-419f-aca9-aaf9164fb418: TaskStarted(8,832,Some(AttributeKey[scala.Function1[java.io.File,scala.Function1[java.lang.String,boolean]]]("definesClass") in Scope(Global)))
Sending msg to client activator-ea6e5b83-3352-419f-aca9-aaf9164fb418: TaskStarted(8,836,Some(AttributeKey[sbt.inc.IncOptions]("incOptions") in Scope(Global)))
Sending msg to client activator-ea6e5b83-3352-419f-aca9-aaf9164fb418: TaskFinished(8,761,Some(AttributeKey[sbt.SendEventService]("sendEventService") in Scope(Global)),true,None)
Sending msg to client activator-ea6e5b83-3352-419f-aca9-aaf9164fb418: TaskFinished(8,763,None,true,None)
Sending msg to client activator-ea6e5b83-3352-419f-aca9-aaf9164fb418: TaskStarted(8,762,None)
Sending msg to client activator-ea6e5b83-3352-419f-aca9-aaf9164fb418: TaskStarted(8,780,None)
Sending msg to client activator-ea6e5b83-3352-419f-aca9-aaf9164fb418: TaskStarted(8,793,None)
Sending msg to client activator-ea6e5b83-3352-419f-aca9-aaf9164fb418: TaskStarted(8,794,None)
Sending msg to client activator-ea6e5b83-3352-419f-aca9-aaf9164fb418: TaskStarted(8,795,None)
Sending msg to client activator-ea6e5b83-3352-419f-aca9-aaf9164fb418: TaskStarted(8,798,None)
Sending msg to client activator-ea6e5b83-3352-419f-aca9-aaf9164fb418: TaskStarted(8,802,None)
Sending msg to client activator-ea6e5b83-3352-419f-aca9-aaf9164fb418: TaskStarted(8,804,None)
Sending msg to client activator-ea6e5b83-3352-419f-aca9-aaf9164fb418: TaskStarted(8,816,None)
Sending msg to client activator-ea6e5b83-3352-419f-aca9-aaf9164fb418: TaskStarted(8,821,None)
Sending msg to client activator-ea6e5b83-3352-419f-aca9-aaf9164fb418: TaskStarted(8,825,None)
Sending msg to client activator-ea6e5b83-3352-419f-aca9-aaf9164fb418: TaskStarted(8,828,None)
Sending msg to client activator-ea6e5b83-3352-419f-aca9-aaf9164fb418: TaskStarted(8,829,None)
Sending msg to client activator-ea6e5b83-3352-419f-aca9-aaf9164fb418: TaskStarted(8,833,None)
Sending msg to client activator-ea6e5b83-3352-419f-aca9-aaf9164fb418: TaskStarted(8,838,None)
Sending msg to client activator-ea6e5b83-3352-419f-aca9-aaf9164fb418: TaskFinished(8,765,Some(AttributeKey[scala.collection.Seq[scala.Function1[xsbti.Position,scala.Option[xsbti.Position]]]]("sourcePositionMappers") in Scope(Global)),true,None)
Sending msg to client activator-ea6e5b83-3352-419f-aca9-aaf9164fb418: TaskFinished(8,767,Some(AttributeKey[scala.collection.Seq[java.lang.String]]("scalacOptions") in Scope(Global)),true,None)
Sending msg to client activator-ea6e5b83-3352-419f-aca9-aaf9164fb418: TaskFinished(8,771,None,true,None)
Sending msg to client activator-ea6e5b83-3352-419f-aca9-aaf9164fb418: TaskStarted(8,770,Some(AttributeKey[sbt.BuildStructure]("buildStructure") in Scope(Global)))
Sending msg to client activator-ea6e5b83-3352-419f-aca9-aaf9164fb418: TaskStarted(8,779,Some(AttributeKey[java.io.File]("dependencyCacheDirectory") in Scope(Build: file:/Users/No51/hello-scala/, , Project: ProjectReference(file:/Users/No51/hello-scala/,hello-scala))))
Sending msg to client activator-ea6e5b83-3352-419f-aca9-aaf9164fb418: TaskStarted(8,834,Some(AttributeKey[xsbti.compile.GlobalsCache]("compilerCache") in Scope(Global)))
Sending msg to client activator-ea6e5b83-3352-419f-aca9-aaf9164fb418: TaskFinished(8,775,None,true,None)
Sending msg to client activator-ea6e5b83-3352-419f-aca9-aaf9164fb418: TaskFinished(8,776,None,true,None)
Sending msg to client activator-ea6e5b83-3352-419f-aca9-aaf9164fb418: TaskStarted(8,774,Some(AttributeKey[scala.collection.Seq[sbt.UpdateReport]]("transitiveUpdate") in Scope(Build: file:/Users/No51/hello-scala/, , Project: ProjectReference(file:/Users/No51/hello-scala/,hello-scala))))
Sending msg to client activator-ea6e5b83-3352-419f-aca9-aaf9164fb418: TaskFinished(8,777,None,true,None)
Sending msg to client activator-ea6e5b83-3352-419f-aca9-aaf9164fb418: TaskFinished(8,778,Some(AttributeKey[boolean]("skip") in Scope(Global)),true,None)
Sending msg to client activator-ea6e5b83-3352-419f-aca9-aaf9164fb418: TaskFinished(8,786,Some(AttributeKey[scala.collection.Seq[sbt.Credentials]]("credentials") in Scope(Global)),true,None)
Sending msg to client activator-ea6e5b83-3352-419f-aca9-aaf9164fb418: TaskFinished(8,789,Some(AttributeKey[scala.collection.Seq[sbt.Resolver]]("externalResolvers") in Scope(Build: file:/Users/No51/hello-scala/, , Project: ProjectReference(file:/Users/No51/hello-scala/,hello-scala))),true,None)
Sending msg to client activator-ea6e5b83-3352-419f-aca9-aaf9164fb418: TaskFinished(8,790,Some(AttributeKey[scala.Option[scala.collection.Seq[sbt.Resolver]]]("bootResolvers") in Scope(Build: file:/Users/No51/hello-scala/, , Project: ProjectReference(file:/Users/No51/hello-scala/,hello-scala))),true,None)
Sending msg to client activator-ea6e5b83-3352-419f-aca9-aaf9164fb418: TaskFinished(8,799,Some(AttributeKey[java.lang.String]("updateCacheName") in Scope(Build: file:/Users/No51/hello-scala/, , Project: ProjectReference(file:/Users/No51/hello-scala/,hello-scala))),true,None)
Sending msg to client activator-ea6e5b83-3352-419f-aca9-aaf9164fb418: TaskFinished(8,801,None,true,None)
Sending msg to client activator-ea6e5b83-3352-419f-aca9-aaf9164fb418: TaskFinished(8,806,None,true,None)
Sending msg to client activator-ea6e5b83-3352-419f-aca9-aaf9164fb418: TaskFinished(8,807,Some(AttributeKey[scala.collection.Seq[java.lang.String]]("javacOptions") in Scope(Global)),true,None)
Sending msg to client activator-ea6e5b83-3352-419f-aca9-aaf9164fb418: TaskFinished(8,810,Some(AttributeKey[scala.collection.Seq[java.io.File]]("unmanagedSources") in Scope(Build: file:/Users/No51/hello-scala/, , Project: ProjectReference(file:/Users/No51/hello-scala/,hello-scala), Config: compile)),true,None)
Sending msg to client activator-ea6e5b83-3352-419f-aca9-aaf9164fb418: TaskStarted(8,809,Some(AttributeKey[scala.collection.Seq[java.io.File]]("unmanagedSources") in Scope(Build: file:/Users/No51/hello-scala/, , Project: ProjectReference(file:/Users/No51/hello-scala/,hello-scala), Config: compile)))
Sending msg to client activator-ea6e5b83-3352-419f-aca9-aaf9164fb418: TaskFinished(8,812,None,true,None)
Sending msg to client activator-ea6e5b83-3352-419f-aca9-aaf9164fb418: TaskStarted(8,811,Some(AttributeKey[scala.collection.Seq[java.io.File]]("managedSources") in Scope(Build: file:/Users/No51/hello-scala/, , Project: ProjectReference(file:/Users/No51/hello-scala/,hello-scala), Config: compile)))
Sending msg to client activator-ea6e5b83-3352-419f-aca9-aaf9164fb418: TaskFinished(8,819,None,true,None)
Sending msg to client activator-ea6e5b83-3352-419f-aca9-aaf9164fb418: TaskFinished(8,831,Some(AttributeKey[java.lang.String]("compileAnalysisFilename") in Scope(Build: file:/Users/No51/hello-scala/, , Project: ProjectReference(file:/Users/No51/hello-scala/,hello-scala), Config: compile)),true,None)
Sending msg to client activator-ea6e5b83-3352-419f-aca9-aaf9164fb418: TaskFinished(8,832,Some(AttributeKey[scala.Function1[java.io.File,scala.Function1[java.lang.String,boolean]]]("definesClass") in Scope(Global)),true,None)
Sending msg to client activator-ea6e5b83-3352-419f-aca9-aaf9164fb418: TaskFinished(8,836,Some(AttributeKey[sbt.inc.IncOptions]("incOptions") in Scope(Global)),true,None)
Sending msg to client activator-ea6e5b83-3352-419f-aca9-aaf9164fb418: TaskStarted(8,835,Some(AttributeKey[sbt.inc.IncOptions]("incOptions") in Scope(Build: file:/Users/No51/hello-scala/, , Project: ProjectReference(file:/Users/No51/hello-scala/,hello-scala))))
Sending msg to client activator-ea6e5b83-3352-419f-aca9-aaf9164fb418: TaskFinished(8,762,None,true,None)
Sending msg to client activator-ea6e5b83-3352-419f-aca9-aaf9164fb418: TaskFinished(8,780,None,true,None)
Sending msg to client activator-ea6e5b83-3352-419f-aca9-aaf9164fb418: TaskFinished(8,793,None,true,None)
Sending msg to client activator-ea6e5b83-3352-419f-aca9-aaf9164fb418: TaskFinished(8,794,None,true,None)
Sending msg to client activator-ea6e5b83-3352-419f-aca9-aaf9164fb418: TaskFinished(8,795,None,true,None)
Sending msg to client activator-ea6e5b83-3352-419f-aca9-aaf9164fb418: TaskFinished(8,798,None,true,None)
Sending msg to client activator-ea6e5b83-3352-419f-aca9-aaf9164fb418: TaskStarted(8,797,Some(AttributeKey[scala.collection.immutable.Map[sbt.ModuleID,sbt.SourcePosition]]("dependencyPositions") in Scope(Build: file:/Users/No51/hello-scala/, , Project: ProjectReference(file:/Users/No51/hello-scala/,hello-scala))))
Sending msg to client activator-ea6e5b83-3352-419f-aca9-aaf9164fb418: TaskFinished(8,802,None,true,None)
Sending msg to client activator-ea6e5b83-3352-419f-aca9-aaf9164fb418: TaskFinished(8,804,None,true,None)
Sending msg to client activator-ea6e5b83-3352-419f-aca9-aaf9164fb418: TaskFinished(8,816,None,true,None)
Sending msg to client activator-ea6e5b83-3352-419f-aca9-aaf9164fb418: TaskFinished(8,821,None,true,None)
Sending msg to client activator-ea6e5b83-3352-419f-aca9-aaf9164fb418: TaskFinished(8,825,None,true,None)
Sending msg to client activator-ea6e5b83-3352-419f-aca9-aaf9164fb418: TaskFinished(8,828,None,true,None)
Sending msg to client activator-ea6e5b83-3352-419f-aca9-aaf9164fb418: TaskFinished(8,829,None,true,None)
Sending msg to client activator-ea6e5b83-3352-419f-aca9-aaf9164fb418: TaskFinished(8,833,None,true,None)
Sending msg to client activator-ea6e5b83-3352-419f-aca9-aaf9164fb418: TaskFinished(8,838,None,true,None)
Sending msg to client activator-ea6e5b83-3352-419f-aca9-aaf9164fb418: TaskFinished(8,770,Some(AttributeKey[sbt.BuildStructure]("buildStructure") in Scope(Global)),true,None)
Sending msg to client activator-ea6e5b83-3352-419f-aca9-aaf9164fb418: TaskStarted(8,769,Some(AttributeKey[sbt.Settings[sbt.Scope]]("settingsData") in Scope(Global)))
Sending msg to client activator-ea6e5b83-3352-419f-aca9-aaf9164fb418: TaskFinished(8,779,Some(AttributeKey[java.io.File]("dependencyCacheDirectory") in Scope(Build: file:/Users/No51/hello-scala/, , Project: ProjectReference(file:/Users/No51/hello-scala/,hello-scala))),true,None)
Sending msg to client activator-ea6e5b83-3352-419f-aca9-aaf9164fb418: TaskFinished(8,834,Some(AttributeKey[xsbti.compile.GlobalsCache]("compilerCache") in Scope(Global)),true,None)
Sending msg to client activator-ea6e5b83-3352-419f-aca9-aaf9164fb418: TaskFinished(8,774,Some(AttributeKey[scala.collection.Seq[sbt.UpdateReport]]("transitiveUpdate") in Scope(Build: file:/Users/No51/hello-scala/, , Project: ProjectReference(file:/Users/No51/hello-scala/,hello-scala))),true,None)
Sending msg to client activator-ea6e5b83-3352-419f-aca9-aaf9164fb418: TaskFinished(8,809,Some(AttributeKey[scala.collection.Seq[java.io.File]]("unmanagedSources") in Scope(Build: file:/Users/No51/hello-scala/, , Project: ProjectReference(file:/Users/No51/hello-scala/,hello-scala), Config: compile)),true,None)
Sending msg to client activator-ea6e5b83-3352-419f-aca9-aaf9164fb418: TaskFinished(8,811,Some(AttributeKey[scala.collection.Seq[java.io.File]]("managedSources") in Scope(Build: file:/Users/No51/hello-scala/, , Project: ProjectReference(file:/Users/No51/hello-scala/,hello-scala), Config: compile)),true,None)
Sending msg to client activator-ea6e5b83-3352-419f-aca9-aaf9164fb418: TaskStarted(8,808,Some(AttributeKey[scala.collection.Seq[java.io.File]]("sources") in Scope(Build: file:/Users/No51/hello-scala/, , Project: ProjectReference(file:/Users/No51/hello-scala/,hello-scala), Config: compile)))
Sending msg to client activator-ea6e5b83-3352-419f-aca9-aaf9164fb418: TaskFinished(8,835,Some(AttributeKey[sbt.inc.IncOptions]("incOptions") in Scope(Build: file:/Users/No51/hello-scala/, , Project: ProjectReference(file:/Users/No51/hello-scala/,hello-scala))),true,None)
Sending msg to client activator-ea6e5b83-3352-419f-aca9-aaf9164fb418: TaskFinished(8,797,Some(AttributeKey[scala.collection.immutable.Map[sbt.ModuleID,sbt.SourcePosition]]("dependencyPositions") in Scope(Build: file:/Users/No51/hello-scala/, , Project: ProjectReference(file:/Users/No51/hello-scala/,hello-scala))),true,None)
Sending msg to client activator-ea6e5b83-3352-419f-aca9-aaf9164fb418: TaskStarted(8,796,Some(AttributeKey[sbt.UnresolvedWarningConfiguration]("unresolvedWarningConfiguration") in Scope(Build: file:/Users/No51/hello-scala/, , Project: ProjectReference(file:/Users/No51/hello-scala/,hello-scala), Task: AttributeKey[sbt.UpdateReport]("update"))))
Sending msg to client activator-ea6e5b83-3352-419f-aca9-aaf9164fb418: TaskFinished(8,769,Some(AttributeKey[sbt.Settings[sbt.Scope]]("settingsData") in Scope(Global)),true,None)
Sending msg to client activator-ea6e5b83-3352-419f-aca9-aaf9164fb418: TaskStarted(8,768,None)
Sending msg to client activator-ea6e5b83-3352-419f-aca9-aaf9164fb418: TaskStarted(8,784,Some(AttributeKey[scala.collection.Seq[sbt.ModuleID]]("projectDependencies") in Scope(Build: file:/Users/No51/hello-scala/, , Project: ProjectReference(file:/Users/No51/hello-scala/,hello-scala))))
Sending msg to client activator-ea6e5b83-3352-419f-aca9-aaf9164fb418: TaskStarted(8,792,Some(AttributeKey[scala.collection.immutable.Map[org.apache.ivy.core.module.id.ModuleRevisionId,org.apache.ivy.core.module.descriptor.ModuleDescriptor]]("projectDescriptors") in Scope(Build: file:/Users/No51/hello-scala/, , Project: ProjectReference(file:/Users/No51/hello-scala/,hello-scala))))
Sending msg to client activator-ea6e5b83-3352-419f-aca9-aaf9164fb418: TaskStarted(8,800,None)
Sending msg to client activator-ea6e5b83-3352-419f-aca9-aaf9164fb418: TaskStarted(8,805,Some(AttributeKey[sbt.ScalaInstance]("scalaInstance") in Scope(Build: file:/Users/No51/hello-scala/, , Project: ProjectReference(file:/Users/No51/hello-scala/,hello-scala))))
Sending msg to client activator-ea6e5b83-3352-419f-aca9-aaf9164fb418: TaskStarted(8,824,None)
Sending msg to client activator-ea6e5b83-3352-419f-aca9-aaf9164fb418: TaskFinished(8,808,Some(AttributeKey[scala.collection.Seq[java.io.File]]("sources") in Scope(Build: file:/Users/No51/hello-scala/, , Project: ProjectReference(file:/Users/No51/hello-scala/,hello-scala), Config: compile)),true,None)
Sending msg to client activator-ea6e5b83-3352-419f-aca9-aaf9164fb418: TaskFinished(8,796,Some(AttributeKey[sbt.UnresolvedWarningConfiguration]("unresolvedWarningConfiguration") in Scope(Build: file:/Users/No51/hello-scala/, , Project: ProjectReference(file:/Users/No51/hello-scala/,hello-scala), Task: AttributeKey[sbt.UpdateReport]("update"))),true,None)
Sending msg to client activator-ea6e5b83-3352-419f-aca9-aaf9164fb418: TaskStarted(8,840,None)
Sending msg to client activator-ea6e5b83-3352-419f-aca9-aaf9164fb418: TaskFinished(8,784,Some(AttributeKey[scala.collection.Seq[sbt.ModuleID]]("projectDependencies") in Scope(Build: file:/Users/No51/hello-scala/, , Project: ProjectReference(file:/Users/No51/hello-scala/,hello-scala))),true,None)
Sending msg to client activator-ea6e5b83-3352-419f-aca9-aaf9164fb418: TaskStarted(8,783,Some(AttributeKey[scala.collection.Seq[sbt.ModuleID]]("allDependencies") in Scope(Build: file:/Users/No51/hello-scala/, , Project: ProjectReference(file:/Users/No51/hello-scala/,hello-scala))))
Sending msg to client activator-ea6e5b83-3352-419f-aca9-aaf9164fb418: TaskStarted(8,842,None)
Sending msg to client activator-ea6e5b83-3352-419f-aca9-aaf9164fb418: TaskStarted(8,843,None)
Sending msg to client activator-ea6e5b83-3352-419f-aca9-aaf9164fb418: TaskStarted(8,849,None)
Sending msg to client activator-ea6e5b83-3352-419f-aca9-aaf9164fb418: TaskStarted(8,851,None)
Sending msg to client activator-ea6e5b83-3352-419f-aca9-aaf9164fb418: TaskStarted(8,852,None)
Sending msg to client activator-ea6e5b83-3352-419f-aca9-aaf9164fb418: TaskFinished(8,840,None,true,None)
Sending msg to client activator-ea6e5b83-3352-419f-aca9-aaf9164fb418: TaskStarted(8,839,None)
Sending msg to client activator-ea6e5b83-3352-419f-aca9-aaf9164fb418: TaskFinished(8,842,None,true,None)
Sending msg to client activator-ea6e5b83-3352-419f-aca9-aaf9164fb418: TaskStarted(8,841,None)
Sending msg to client activator-ea6e5b83-3352-419f-aca9-aaf9164fb418: TaskFinished(8,783,Some(AttributeKey[scala.collection.Seq[sbt.ModuleID]]("allDependencies") in Scope(Build: file:/Users/No51/hello-scala/, , Project: ProjectReference(file:/Users/No51/hello-scala/,hello-scala))),true,None)
Sending msg to client activator-ea6e5b83-3352-419f-aca9-aaf9164fb418: TaskStarted(8,782,Some(AttributeKey[sbt.ModuleSettings]("moduleSettings") in Scope(Build: file:/Users/No51/hello-scala/, , Project: ProjectReference(file:/Users/No51/hello-scala/,hello-scala))))
Sending msg to client activator-ea6e5b83-3352-419f-aca9-aaf9164fb418: TaskFinished(8,843,None,true,None)
Sending msg to client activator-ea6e5b83-3352-419f-aca9-aaf9164fb418: TaskFinished(8,800,None,true,None)
Sending msg to client activator-ea6e5b83-3352-419f-aca9-aaf9164fb418: TaskFinished(8,849,None,true,None)
Sending msg to client activator-ea6e5b83-3352-419f-aca9-aaf9164fb418: TaskStarted(8,848,None)
Sending msg to client activator-ea6e5b83-3352-419f-aca9-aaf9164fb418: TaskFinished(8,851,None,true,None)
Sending msg to client activator-ea6e5b83-3352-419f-aca9-aaf9164fb418: TaskFinished(8,852,None,true,None)
Sending msg to client activator-ea6e5b83-3352-419f-aca9-aaf9164fb418: TaskStarted(8,850,Some(AttributeKey[scala.collection.Seq[sbt.Attributed[java.io.File]]]("unmanagedJars") in Scope(Build: file:/Users/No51/hello-scala/, , Project: ProjectReference(file:/Users/No51/hello-scala/,hello-scala), Config: compile)))
Sending msg to client activator-ea6e5b83-3352-419f-aca9-aaf9164fb418: TaskFinished(8,839,None,true,None)
Sending msg to client activator-ea6e5b83-3352-419f-aca9-aaf9164fb418: TaskFinished(8,768,None,true,None)
Sending msg to client activator-ea6e5b83-3352-419f-aca9-aaf9164fb418: TaskFinished(8,841,None,true,None)
Sending msg to client activator-ea6e5b83-3352-419f-aca9-aaf9164fb418: TaskFinished(8,792,Some(AttributeKey[scala.collection.immutable.Map[org.apache.ivy.core.module.id.ModuleRevisionId,org.apache.ivy.core.module.descriptor.ModuleDescriptor]]("projectDescriptors") in Scope(Build: file:/Users/No51/hello-scala/, , Project: ProjectReference(file:/Users/No51/hello-scala/,hello-scala))),true,None)
Sending msg to client activator-ea6e5b83-3352-419f-aca9-aaf9164fb418: TaskStarted(8,791,Some(AttributeKey[sbt.Resolver]("projectResolver") in Scope(Build: file:/Users/No51/hello-scala/, , Project: ProjectReference(file:/Users/No51/hello-scala/,hello-scala))))
Sending msg to client activator-ea6e5b83-3352-419f-aca9-aaf9164fb418: TaskFinished(8,782,Some(AttributeKey[sbt.ModuleSettings]("moduleSettings") in Scope(Build: file:/Users/No51/hello-scala/, , Project: ProjectReference(file:/Users/No51/hello-scala/,hello-scala))),true,None)
Sending msg to client activator-ea6e5b83-3352-419f-aca9-aaf9164fb418: TaskStarted(8,853,None)
Sending msg to client activator-ea6e5b83-3352-419f-aca9-aaf9164fb418: TaskFinished(8,850,Some(AttributeKey[scala.collection.Seq[sbt.Attributed[java.io.File]]]("unmanagedJars") in Scope(Build: file:/Users/No51/hello-scala/, , Project: ProjectReference(file:/Users/No51/hello-scala/,hello-scala), Config: compile)),true,None)
Sending msg to client activator-ea6e5b83-3352-419f-aca9-aaf9164fb418: TaskFinished(8,791,Some(AttributeKey[sbt.Resolver]("projectResolver") in Scope(Build: file:/Users/No51/hello-scala/, , Project: ProjectReference(file:/Users/No51/hello-scala/,hello-scala))),true,None)
Sending msg to client activator-ea6e5b83-3352-419f-aca9-aaf9164fb418: TaskStarted(8,788,Some(AttributeKey[scala.collection.Seq[sbt.Resolver]]("fullResolvers") in Scope(Build: file:/Users/No51/hello-scala/, , Project: ProjectReference(file:/Users/No51/hello-scala/,hello-scala))))
Sending msg to client activator-ea6e5b83-3352-419f-aca9-aaf9164fb418: TaskFinished(8,853,None,true,None)
Sending msg to client activator-ea6e5b83-3352-419f-aca9-aaf9164fb418: TaskFinished(8,848,None,true,None)
Sending msg to client activator-ea6e5b83-3352-419f-aca9-aaf9164fb418: TaskStarted(8,847,Some(AttributeKey[scala.collection.Seq[sbt.Attributed[java.io.File]]]("unmanagedJars") in Scope(Build: file:/Users/No51/hello-scala/, , Project: ProjectReference(file:/Users/No51/hello-scala/,hello-scala), Config: compile)))
Sending msg to client activator-ea6e5b83-3352-419f-aca9-aaf9164fb418: TaskFinished(8,788,Some(AttributeKey[scala.collection.Seq[sbt.Resolver]]("fullResolvers") in Scope(Build: file:/Users/No51/hello-scala/, , Project: ProjectReference(file:/Users/No51/hello-scala/,hello-scala))),true,None)
Sending msg to client activator-ea6e5b83-3352-419f-aca9-aaf9164fb418: TaskStarted(8,787,Some(AttributeKey[sbt.IvyConfiguration]("ivyConfiguration") in Scope(Build: file:/Users/No51/hello-scala/, , Project: ProjectReference(file:/Users/No51/hello-scala/,hello-scala))))
Sending msg to client activator-ea6e5b83-3352-419f-aca9-aaf9164fb418: TaskFinished(8,847,Some(AttributeKey[scala.collection.Seq[sbt.Attributed[java.io.File]]]("unmanagedJars") in Scope(Build: file:/Users/No51/hello-scala/, , Project: ProjectReference(file:/Users/No51/hello-scala/,hello-scala), Config: compile)),true,None)
Sending msg to client activator-ea6e5b83-3352-419f-aca9-aaf9164fb418: TaskStarted(8,846,None)
Sending msg to client activator-ea6e5b83-3352-419f-aca9-aaf9164fb418: TaskFinished(8,787,Some(AttributeKey[sbt.IvyConfiguration]("ivyConfiguration") in Scope(Build: file:/Users/No51/hello-scala/, , Project: ProjectReference(file:/Users/No51/hello-scala/,hello-scala))),true,None)
Sending msg to client activator-ea6e5b83-3352-419f-aca9-aaf9164fb418: TaskStarted(8,785,Some(AttributeKey[sbt.IvySbt]("ivySbt") in Scope(Build: file:/Users/No51/hello-scala/, , Project: ProjectReference(file:/Users/No51/hello-scala/,hello-scala))))
Sending msg to client activator-ea6e5b83-3352-419f-aca9-aaf9164fb418: TaskFinished(8,846,None,true,None)
Sending msg to client activator-ea6e5b83-3352-419f-aca9-aaf9164fb418: TaskStarted(8,845,None)
Sending msg to client activator-ea6e5b83-3352-419f-aca9-aaf9164fb418: TaskFinished(8,785,Some(AttributeKey[sbt.IvySbt]("ivySbt") in Scope(Build: file:/Users/No51/hello-scala/, , Project: ProjectReference(file:/Users/No51/hello-scala/,hello-scala))),true,None)
Sending msg to client activator-ea6e5b83-3352-419f-aca9-aaf9164fb418: TaskStarted(8,781,Some(AttributeKey[sbt.IvySbt$Module]("ivyModule") in Scope(Build: file:/Users/No51/hello-scala/, , Project: ProjectReference(file:/Users/No51/hello-scala/,hello-scala))))
Sending msg to client activator-ea6e5b83-3352-419f-aca9-aaf9164fb418: TaskFinished(8,845,None,true,None)
Sending msg to client activator-ea6e5b83-3352-419f-aca9-aaf9164fb418: TaskFinished(8,824,None,true,None)
Sending msg to client activator-ea6e5b83-3352-419f-aca9-aaf9164fb418: TaskStarted(8,823,Some(AttributeKey[scala.collection.Seq[sbt.Attributed[java.io.File]]]("unmanagedClasspath") in Scope(Build: file:/Users/No51/hello-scala/, , Project: ProjectReference(file:/Users/No51/hello-scala/,hello-scala), Config: compile)))
Sending msg to client activator-ea6e5b83-3352-419f-aca9-aaf9164fb418: TaskFinished(8,781,Some(AttributeKey[sbt.IvySbt$Module]("ivyModule") in Scope(Build: file:/Users/No51/hello-scala/, , Project: ProjectReference(file:/Users/No51/hello-scala/,hello-scala))),true,None)
Sending msg to client activator-ea6e5b83-3352-419f-aca9-aaf9164fb418: TaskStarted(8,773,Some(AttributeKey[sbt.UpdateReport]("update") in Scope(Build: file:/Users/No51/hello-scala/, , Project: ProjectReference(file:/Users/No51/hello-scala/,hello-scala))))
Sending msg to client activator-ea6e5b83-3352-419f-aca9-aaf9164fb418: TaskFinished(8,823,Some(AttributeKey[scala.collection.Seq[sbt.Attributed[java.io.File]]]("unmanagedClasspath") in Scope(Build: file:/Users/No51/hello-scala/, , Project: ProjectReference(file:/Users/No51/hello-scala/,hello-scala), Config: compile)),true,None)
Sending msg to client activator-ea6e5b83-3352-419f-aca9-aaf9164fb418: TaskFinished(8,773,Some(AttributeKey[sbt.UpdateReport]("update") in Scope(Build: file:/Users/No51/hello-scala/, , Project: ProjectReference(file:/Users/No51/hello-scala/,hello-scala))),true,None)
Sending msg to client activator-ea6e5b83-3352-419f-aca9-aaf9164fb418: TaskStarted(8,772,Some(AttributeKey[sbt.UpdateReport]("update") in Scope(Build: file:/Users/No51/hello-scala/, , Project: ProjectReference(file:/Users/No51/hello-scala/,hello-scala))))
Sending msg to client activator-ea6e5b83-3352-419f-aca9-aaf9164fb418: TaskFinished(8,772,Some(AttributeKey[sbt.UpdateReport]("update") in Scope(Build: file:/Users/No51/hello-scala/, , Project: ProjectReference(file:/Users/No51/hello-scala/,hello-scala))),true,None)
Sending msg to client activator-ea6e5b83-3352-419f-aca9-aaf9164fb418: TaskStarted(8,766,Some(AttributeKey[scala.collection.Seq[java.lang.String]]("scalacOptions") in Scope(Build: file:/Users/No51/hello-scala/, , Project: ProjectReference(file:/Users/No51/hello-scala/,hello-scala), Config: compile)))
Sending msg to client activator-ea6e5b83-3352-419f-aca9-aaf9164fb418: TaskStarted(8,818,Some(AttributeKey[sbt.Configuration]("classpathConfiguration") in Scope(Build: file:/Users/No51/hello-scala/, , Project: ProjectReference(file:/Users/No51/hello-scala/,hello-scala), Config: compile)))
Sending msg to client activator-ea6e5b83-3352-419f-aca9-aaf9164fb418: TaskStarted(8,844,None)
Sending msg to client activator-ea6e5b83-3352-419f-aca9-aaf9164fb418: TaskFinished(8,766,Some(AttributeKey[scala.collection.Seq[java.lang.String]]("scalacOptions") in Scope(Build: file:/Users/No51/hello-scala/, , Project: ProjectReference(file:/Users/No51/hello-scala/,hello-scala), Config: compile)),true,None)
Sending msg to client activator-ea6e5b83-3352-419f-aca9-aaf9164fb418: TaskFinished(8,818,Some(AttributeKey[sbt.Configuration]("classpathConfiguration") in Scope(Build: file:/Users/No51/hello-scala/, , Project: ProjectReference(file:/Users/No51/hello-scala/,hello-scala), Config: compile)),true,None)
Sending msg to client activator-ea6e5b83-3352-419f-aca9-aaf9164fb418: TaskStarted(8,817,None)
Sending msg to client activator-ea6e5b83-3352-419f-aca9-aaf9164fb418: TaskStarted(8,827,None)
Sending msg to client activator-ea6e5b83-3352-419f-aca9-aaf9164fb418: TaskFinished(8,844,None,true,None)
Sending msg to client activator-ea6e5b83-3352-419f-aca9-aaf9164fb418: TaskFinished(8,805,Some(AttributeKey[sbt.ScalaInstance]("scalaInstance") in Scope(Build: file:/Users/No51/hello-scala/, , Project: ProjectReference(file:/Users/No51/hello-scala/,hello-scala))),true,None)
Sending msg to client activator-ea6e5b83-3352-419f-aca9-aaf9164fb418: TaskStarted(8,803,Some(AttributeKey[sbt.Compiler$Compilers]("compilers") in Scope(Global)))
Sending msg to client activator-ea6e5b83-3352-419f-aca9-aaf9164fb418: TaskStarted(8,856,None)
Sending msg to client activator-ea6e5b83-3352-419f-aca9-aaf9164fb418: TaskStarted(8,857,None)
Sending msg to client activator-ea6e5b83-3352-419f-aca9-aaf9164fb418: TaskFinished(8,827,None,true,None)
Sending msg to client activator-ea6e5b83-3352-419f-aca9-aaf9164fb418: TaskStarted(8,826,Some(AttributeKey[scala.collection.Seq[sbt.Attributed[java.io.File]]]("managedClasspath") in Scope(Build: file:/Users/No51/hello-scala/, , Project: ProjectReference(file:/Users/No51/hello-scala/,hello-scala), Config: compile)))
Sending msg to client activator-ea6e5b83-3352-419f-aca9-aaf9164fb418: TaskFinished(8,803,Some(AttributeKey[sbt.Compiler$Compilers]("compilers") in Scope(Global)),true,None)
Sending msg to client activator-ea6e5b83-3352-419f-aca9-aaf9164fb418: TaskFinished(8,856,None,true,None)
Sending msg to client activator-ea6e5b83-3352-419f-aca9-aaf9164fb418: TaskFinished(8,857,None,true,None)
Sending msg to client activator-ea6e5b83-3352-419f-aca9-aaf9164fb418: TaskStarted(8,855,None)
Sending msg to client activator-ea6e5b83-3352-419f-aca9-aaf9164fb418: TaskFinished(8,826,Some(AttributeKey[scala.collection.Seq[sbt.Attributed[java.io.File]]]("managedClasspath") in Scope(Build: file:/Users/No51/hello-scala/, , Project: ProjectReference(file:/Users/No51/hello-scala/,hello-scala), Config: compile)),true,None)
Sending msg to client activator-ea6e5b83-3352-419f-aca9-aaf9164fb418: TaskStarted(8,822,None)
Sending msg to client activator-ea6e5b83-3352-419f-aca9-aaf9164fb418: TaskFinished(8,855,None,true,None)
Sending msg to client activator-ea6e5b83-3352-419f-aca9-aaf9164fb418: TaskStarted(8,854,None)
Sending msg to client activator-ea6e5b83-3352-419f-aca9-aaf9164fb418: TaskFinished(8,822,None,true,None)
Sending msg to client activator-ea6e5b83-3352-419f-aca9-aaf9164fb418: TaskStarted(8,820,Some(AttributeKey[scala.collection.Seq[sbt.Attributed[java.io.File]]]("externalDependencyClasspath") in Scope(Build: file:/Users/No51/hello-scala/, , Project: ProjectReference(file:/Users/No51/hello-scala/,hello-scala), Config: compile)))
Sending msg to client activator-ea6e5b83-3352-419f-aca9-aaf9164fb418: TaskFinished(8,854,None,true,None)
Sending msg to client activator-ea6e5b83-3352-419f-aca9-aaf9164fb418: TaskFinished(8,817,None,true,None)
Sending msg to client activator-ea6e5b83-3352-419f-aca9-aaf9164fb418: TaskStarted(8,815,Some(AttributeKey[scala.collection.Seq[sbt.Attributed[java.io.File]]]("internalDependencyClasspath") in Scope(Build: file:/Users/No51/hello-scala/, , Project: ProjectReference(file:/Users/No51/hello-scala/,hello-scala), Config: compile)))
Sending msg to client activator-ea6e5b83-3352-419f-aca9-aaf9164fb418: TaskFinished(8,820,Some(AttributeKey[scala.collection.Seq[sbt.Attributed[java.io.File]]]("externalDependencyClasspath") in Scope(Build: file:/Users/No51/hello-scala/, , Project: ProjectReference(file:/Users/No51/hello-scala/,hello-scala), Config: compile)),true,None)
Sending msg to client activator-ea6e5b83-3352-419f-aca9-aaf9164fb418: TaskFinished(8,815,Some(AttributeKey[scala.collection.Seq[sbt.Attributed[java.io.File]]]("internalDependencyClasspath") in Scope(Build: file:/Users/No51/hello-scala/, , Project: ProjectReference(file:/Users/No51/hello-scala/,hello-scala), Config: compile)),true,None)
Sending msg to client activator-ea6e5b83-3352-419f-aca9-aaf9164fb418: TaskStarted(8,814,None)
Sending msg to client activator-ea6e5b83-3352-419f-aca9-aaf9164fb418: TaskFinished(8,814,None,true,None)
Sending msg to client activator-ea6e5b83-3352-419f-aca9-aaf9164fb418: TaskStarted(8,813,Some(AttributeKey[scala.collection.Seq[sbt.Attributed[java.io.File]]]("dependencyClasspath") in Scope(Build: file:/Users/No51/hello-scala/, , Project: ProjectReference(file:/Users/No51/hello-scala/,hello-scala), Config: compile)))
Sending msg to client activator-ea6e5b83-3352-419f-aca9-aaf9164fb418: TaskFinished(8,813,Some(AttributeKey[scala.collection.Seq[sbt.Attributed[java.io.File]]]("dependencyClasspath") in Scope(Build: file:/Users/No51/hello-scala/, , Project: ProjectReference(file:/Users/No51/hello-scala/,hello-scala), Config: compile)),true,None)
Sending msg to client activator-ea6e5b83-3352-419f-aca9-aaf9164fb418: TaskStarted(8,830,Some(AttributeKey[sbt.Compiler$IncSetup]("incCompileSetup") in Scope(Build: file:/Users/No51/hello-scala/, , Project: ProjectReference(file:/Users/No51/hello-scala/,hello-scala), Config: compile)))
Sending msg to client activator-ea6e5b83-3352-419f-aca9-aaf9164fb418: TaskFinished(8,830,Some(AttributeKey[sbt.Compiler$IncSetup]("incCompileSetup") in Scope(Build: file:/Users/No51/hello-scala/, , Project: ProjectReference(file:/Users/No51/hello-scala/,hello-scala), Config: compile)),true,None)
Sending msg to client activator-ea6e5b83-3352-419f-aca9-aaf9164fb418: TaskStarted(8,764,Some(AttributeKey[sbt.Compiler$Inputs]("compileInputs") in Scope(Build: file:/Users/No51/hello-scala/, , Project: ProjectReference(file:/Users/No51/hello-scala/,hello-scala), Config: compile, Task: AttributeKey[sbt.inc.Analysis]("compile"))))
Sending msg to client activator-ea6e5b83-3352-419f-aca9-aaf9164fb418: TaskStarted(8,837,Some(AttributeKey[sbt.Compiler$PreviousAnalysis]("readAnalysis") in Scope(Build: file:/Users/No51/hello-scala/, , Project: ProjectReference(file:/Users/No51/hello-scala/,hello-scala), Config: compile)))
Sending msg to client activator-ea6e5b83-3352-419f-aca9-aaf9164fb418: TaskFinished(8,764,Some(AttributeKey[sbt.Compiler$Inputs]("compileInputs") in Scope(Build: file:/Users/No51/hello-scala/, , Project: ProjectReference(file:/Users/No51/hello-scala/,hello-scala), Config: compile, Task: AttributeKey[sbt.inc.Analysis]("compile"))),true,None)
Sending msg to client activator-ea6e5b83-3352-419f-aca9-aaf9164fb418: TaskStarted(8,760,Some(AttributeKey[scala.Option[xsbti.Reporter]]("compilerReporter") in Scope(Build: file:/Users/No51/hello-scala/, , Project: ProjectReference(file:/Users/No51/hello-scala/,hello-scala), Config: compile, Task: AttributeKey[sbt.inc.Analysis]("compile"))))
Sending msg to client activator-ea6e5b83-3352-419f-aca9-aaf9164fb418: TaskFinished(8,837,Some(AttributeKey[sbt.Compiler$PreviousAnalysis]("readAnalysis") in Scope(Build: file:/Users/No51/hello-scala/, , Project: ProjectReference(file:/Users/No51/hello-scala/,hello-scala), Config: compile)),true,None)
Sending msg to client activator-ea6e5b83-3352-419f-aca9-aaf9164fb418: TaskFinished(8,760,Some(AttributeKey[scala.Option[xsbti.Reporter]]("compilerReporter") in Scope(Build: file:/Users/No51/hello-scala/, , Project: ProjectReference(file:/Users/No51/hello-scala/,hello-scala), Config: compile, Task: AttributeKey[sbt.inc.Analysis]("compile"))),true,None)
Sending msg to client activator-ea6e5b83-3352-419f-aca9-aaf9164fb418: TaskStarted(8,759,Some(AttributeKey[sbt.compiler.IC$Result]("compileIncremental") in Scope(Build: file:/Users/No51/hello-scala/, , Project: ProjectReference(file:/Users/No51/hello-scala/,hello-scala), Config: compile)))
Sending msg to client activator-ea6e5b83-3352-419f-aca9-aaf9164fb418: TaskLogEvent(759,LogMessage(debug,
Initial source changes: 
	removed:Set()
	added: Set()
	modified: Set()
Removed products: Set()
External API changes: API Changes: Set()
Modified binary dependencies: Set()
Initial directly invalidated sources: Set()

Sources indirectly invalidated by:
	product: Set()
	binary dep: Set()
	external source: Set()))
Sending msg to client activator-ea6e5b83-3352-419f-aca9-aaf9164fb418: TaskLogEvent(759,LogMessage(debug,All initially invalidated sources: Set()
))
Sending msg to client activator-ea6e5b83-3352-419f-aca9-aaf9164fb418: TaskFinished(8,759,Some(AttributeKey[sbt.compiler.IC$Result]("compileIncremental") in Scope(Build: file:/Users/No51/hello-scala/, , Project: ProjectReference(file:/Users/No51/hello-scala/,hello-scala), Config: compile)),true,None)
Sending msg to client activator-ea6e5b83-3352-419f-aca9-aaf9164fb418: TaskStarted(8,758,Some(AttributeKey[sbt.compiler.IC$Result]("manipulateBytecode") in Scope(Build: file:/Users/No51/hello-scala/, , Project: ProjectReference(file:/Users/No51/hello-scala/,hello-scala), Config: compile)))
Sending msg to client activator-ea6e5b83-3352-419f-aca9-aaf9164fb418: TaskFinished(8,758,Some(AttributeKey[sbt.compiler.IC$Result]("manipulateBytecode") in Scope(Build: file:/Users/No51/hello-scala/, , Project: ProjectReference(file:/Users/No51/hello-scala/,hello-scala), Config: compile)),true,None)
Sending msg to client activator-ea6e5b83-3352-419f-aca9-aaf9164fb418: TaskStarted(8,757,Some(AttributeKey[sbt.inc.Analysis]("compile") in Scope(Build: file:/Users/No51/hello-scala/, , Project: ProjectReference(file:/Users/No51/hello-scala/,hello-scala), Config: compile)))
Sending msg to client activator-ea6e5b83-3352-419f-aca9-aaf9164fb418: TaskFinished(8,757,Some(AttributeKey[sbt.inc.Analysis]("compile") in Scope(Build: file:/Users/No51/hello-scala/, , Project: ProjectReference(file:/Users/No51/hello-scala/,hello-scala), Config: compile)),true,None)
Sending msg to client activator-ea6e5b83-3352-419f-aca9-aaf9164fb418: TaskStarted(8,756,Some(AttributeKey[scala.collection.Seq[java.lang.String]]("discoveredMainClasses") in Scope(Build: file:/Users/No51/hello-scala/, , Project: ProjectReference(file:/Users/No51/hello-scala/,hello-scala), Config: compile)))
Sending msg to client activator-ea6e5b83-3352-419f-aca9-aaf9164fb418: TaskFinished(8,756,Some(AttributeKey[scala.collection.Seq[java.lang.String]]("discoveredMainClasses") in Scope(Build: file:/Users/No51/hello-scala/, , Project: ProjectReference(file:/Users/No51/hello-scala/,hello-scala), Config: compile)),true,None)
Sending msg to client activator-ea6e5b83-3352-419f-aca9-aaf9164fb418: ValueChanged(AttributeKey[scala.collection.Seq[java.lang.String]]("discoveredMainClasses") in Scope(Build: file:/Users/No51/hello-scala/, , Project: ProjectReference(file:/Users/No51/hello-scala/,hello-scala), Config: compile),TaskSuccess(BuildValue(LazyValue(List(Hello),scala.pickling.PicklerUnpickler$DelegatingPicklerUnpickler@18a8b262),List(Hello))))
Sending msg to client activator-ea6e5b83-3352-419f-aca9-aaf9164fb418: TaskStarted(8,755,None)
Sending msg to client activator-ea6e5b83-3352-419f-aca9-aaf9164fb418: TaskFinished(8,755,None,true,None)
Sending msg to client activator-ea6e5b83-3352-419f-aca9-aaf9164fb418: TaskStarted(8,754,None)
Sending msg to client activator-ea6e5b83-3352-419f-aca9-aaf9164fb418: TaskFinished(8,754,None,true,None)
Sending msg to client activator-ea6e5b83-3352-419f-aca9-aaf9164fb418: DetachedLogEvent(LogMessage(debug,cancel strategy finish enabled=false lastCommand=Some(LastCommand(CommandExecutionWork(ExecutionId(8),{file:/Users/No51/hello-scala/}hello-scala/compile:discoveredMainClasses,Set(LiveClient(activator ea6e5b83-3352-419f-aca9-aaf9164fb418)),sbt.server.WorkCancellationStatus$$anon$1@3f766bd5)))))
Sending msg to client activator-ea6e5b83-3352-419f-aca9-aaf9164fb418: DetachedLogEvent(LogSuccess(Total time: 0 s, completed 2016/06/05 12:58:41))
Sending msg to client activator-ea6e5b83-3352-419f-aca9-aaf9164fb418: DetachedLogEvent(LogMessage(debug,> server-post-command-cleanup))
Sending msg to client activator-ea6e5b83-3352-419f-aca9-aaf9164fb418: ExecutionSuccess(8)
Sending msg to client activator-ea6e5b83-3352-419f-aca9-aaf9164fb418: DetachedLogEvent(LogMessage(debug,> server-handle-next-server-request))
